2025-03-12 11:06:26.073 [5] <INFO> - <System,VisualCaptureApp.MainWindow>[.ctor][IFO_000] 
        /***********************************************
                          _ooOoo_
                         o8888888o
                         88" . "88
                         (| -_- |)
                         O\  =  /O
                      ____/`---'\____
                    .'  \\|     |//  `.
                   /  \\|||  :  |||//  \
                  /  _||||| -:- |||||-  \
                  |   | \\\  -  /// |   |
                  | \_|  ''\---/''  |   |
                  \  .-\__  `-`  ___/-. /
                ___`. .'  /--.--\  `. . __
             ."" '<  `.___\_<|>_/___.'  >'"".
            | | :  `- \`.;`\ _ /`;.`/ - ` : | |
            \  \ `-.   \_ __\ /__ _/   .-` /  /
       ======`-.____`-.___\_____/___.-`____.-'======
                          `=---='
       ^^^^^^^^^^^^^^^^^^^^^^^^^^^^^^^^^^^^^^^^^^^^^
                佛祖保佑       永無BUG
       *********************************************/

2025-03-12 11:06:27.054 [5] <INFO> - <System,VisualCaptureApp.MainWindow>[.ctor][IFO_000] 
    /**************************************************************

      [       遵從自然規律，讓萬物自行發揮       ]  <-----------
                            |                                   |
                            |                                   |
      [        遵從自然規律，讓萬物自行相剋      ]              |
                            |                                   |
                            |                                   |
      [          精通萬物一切原理熟知於心        ]              |
                            |                                   |
                            |                                   |
      [          運用萬物一切原理強身健體        ]              |
                            |                                   |
                            |                                   |
      [  緣起緣滅，讓萬物一切自動運轉，自生自滅  ]              |
                            |                                   |
                            |                                   |
      [        時有時無，萬物一切可有可無        ]              |
                            |                                   |
                            |                                   |
      [             天人合一，無欲無求           ]              |
                            |                                   |
                            |                                   |
      [              萬物一切歸為無              ]              |
                            |                                   |
                            |                                   |
      [           心有所想，創建美妙世界         ] --------------

    ^^^^^^^^^^^^^^^^^^^^^^^^^^^^^^^^^^^^^^^^^^^^^^^^^^^^^^^^^^^^^^^
              如何成為長官的秘訣            劉彩萍指揮官
    ***************************************************************/
            
2025-03-12 11:06:27.742 [7] <INFO> - <System,VisualCaptureApp.MainWindow>[.ctor][IFO_000] Start...
2025-03-12 11:06:27.757 [5] <INFO> - <System,VisualCaptureApp.MainWindow>[WindowTopMost][IFO_000] Setting:[True]
2025-03-12 11:06:27.968 [5] <INFO> - <System,VisualCaptureApp.MainWindow>[DoEnableWatchKeyboard][IFO_000] RunWatch, Code:[112], Description:[F1], IsModifiersHasFlag:[False], CM:[None]
2025-03-12 11:06:38.208 [7] <INFO> - <System,VisualCaptureApp.Base.BaseScreenshot>[KeyboardWatchEvent][IFO_000] Touch Keyboard, Code:[112], Description:[F1], IsModifiersHasFlag:[False], CM:[None]
2025-03-12 11:06:38.873 [7] <INFO> - <System,VisualCaptureApp.Base.BaseScreenshot>[DoScreenshotFullScreen][IFO_000] SaveScreenshot:[D:\蔡承廷\Development\VisualCapture\VisualCaptureApp\bin\Release\net8.0-windows\Data\2025-03-12_11-06-38-326-AllScreens.jpeg]
2025-03-12 11:07:01.608 [5] <INFO> - <System,VisualCaptureApp.MainWindow>[.ctor][IFO_000] 
        /***********************************************
                          _ooOoo_
                         o8888888o
                         88" . "88
                         (| -_- |)
                         O\  =  /O
                      ____/`---'\____
                    .'  \\|     |//  `.
                   /  \\|||  :  |||//  \
                  /  _||||| -:- |||||-  \
                  |   | \\\  -  /// |   |
                  | \_|  ''\---/''  |   |
                  \  .-\__  `-`  ___/-. /
                ___`. .'  /--.--\  `. . __
             ."" '<  `.___\_<|>_/___.'  >'"".
            | | :  `- \`.;`\ _ /`;.`/ - ` : | |
            \  \ `-.   \_ __\ /__ _/   .-` /  /
       ======`-.____`-.___\_____/___.-`____.-'======
                          `=---='
       ^^^^^^^^^^^^^^^^^^^^^^^^^^^^^^^^^^^^^^^^^^^^^
                佛祖保佑       永無BUG
       *********************************************/

2025-03-12 11:07:02.609 [5] <INFO> - <System,VisualCaptureApp.MainWindow>[.ctor][IFO_000] 
    /**************************************************************

      [       遵從自然規律，讓萬物自行發揮       ]  <-----------
                            |                                   |
                            |                                   |
      [        遵從自然規律，讓萬物自行相剋      ]              |
                            |                                   |
                            |                                   |
      [          精通萬物一切原理熟知於心        ]              |
                            |                                   |
                            |                                   |
      [          運用萬物一切原理強身健體        ]              |
                            |                                   |
                            |                                   |
      [  緣起緣滅，讓萬物一切自動運轉，自生自滅  ]              |
                            |                                   |
                            |                                   |
      [        時有時無，萬物一切可有可無        ]              |
                            |                                   |
                            |                                   |
      [             天人合一，無欲無求           ]              |
                            |                                   |
                            |                                   |
      [              萬物一切歸為無              ]              |
                            |                                   |
                            |                                   |
      [           心有所想，創建美妙世界         ] --------------

    ^^^^^^^^^^^^^^^^^^^^^^^^^^^^^^^^^^^^^^^^^^^^^^^^^^^^^^^^^^^^^^^
              如何成為長官的秘訣            劉彩萍指揮官
    ***************************************************************/
            
2025-03-12 11:07:03.285 [5] <INFO> - <System,VisualCaptureApp.MainWindow>[.ctor][IFO_000] Start...
2025-03-12 11:07:03.285 [7] <INFO> - <System,VisualCaptureApp.MainWindow>[WindowTopMost][IFO_000] Setting:[True]
2025-03-12 11:07:03.581 [5] <INFO> - <System,VisualCaptureApp.MainWindow>[DoEnableWatchKeyboard][IFO_000] RunWatch, Code:[112], Description:[F1], IsModifiersHasFlag:[False], CM:[None]
2025-03-12 11:10:13.264 [4] <INFO> - <System,VisualCaptureApp.MainWindow>[.ctor][IFO_000] 
        /***********************************************
                          _ooOoo_
                         o8888888o
                         88" . "88
                         (| -_- |)
                         O\  =  /O
                      ____/`---'\____
                    .'  \\|     |//  `.
                   /  \\|||  :  |||//  \
                  /  _||||| -:- |||||-  \
                  |   | \\\  -  /// |   |
                  | \_|  ''\---/''  |   |
                  \  .-\__  `-`  ___/-. /
                ___`. .'  /--.--\  `. . __
             ."" '<  `.___\_<|>_/___.'  >'"".
            | | :  `- \`.;`\ _ /`;.`/ - ` : | |
            \  \ `-.   \_ __\ /__ _/   .-` /  /
       ======`-.____`-.___\_____/___.-`____.-'======
                          `=---='
       ^^^^^^^^^^^^^^^^^^^^^^^^^^^^^^^^^^^^^^^^^^^^^
                佛祖保佑       永無BUG
       *********************************************/

2025-03-12 11:10:14.256 [4] <INFO> - <System,VisualCaptureApp.MainWindow>[.ctor][IFO_000] 
    /**************************************************************

      [       遵從自然規律，讓萬物自行發揮       ]  <-----------
                            |                                   |
                            |                                   |
      [        遵從自然規律，讓萬物自行相剋      ]              |
                            |                                   |
                            |                                   |
      [          精通萬物一切原理熟知於心        ]              |
                            |                                   |
                            |                                   |
      [          運用萬物一切原理強身健體        ]              |
                            |                                   |
                            |                                   |
      [  緣起緣滅，讓萬物一切自動運轉，自生自滅  ]              |
                            |                                   |
                            |                                   |
      [        時有時無，萬物一切可有可無        ]              |
                            |                                   |
                            |                                   |
      [             天人合一，無欲無求           ]              |
                            |                                   |
                            |                                   |
      [              萬物一切歸為無              ]              |
                            |                                   |
                            |                                   |
      [           心有所想，創建美妙世界         ] --------------

    ^^^^^^^^^^^^^^^^^^^^^^^^^^^^^^^^^^^^^^^^^^^^^^^^^^^^^^^^^^^^^^^
              如何成為長官的秘訣            劉彩萍指揮官
    ***************************************************************/
            
2025-03-12 11:10:14.477 [4] <INFO> - <System,VisualCaptureApp.MainWindow>[.ctor][IFO_000] Start...
2025-03-12 11:10:14.493 [4] <INFO> - <System,VisualCaptureApp.MainWindow>[WindowTopMost][IFO_000] Setting:[True]
2025-03-12 11:10:14.999 [4] <INFO> - <System,VisualCaptureApp.MainWindow>[DoEnableWatchKeyboard][IFO_000] RunWatch, Code:[112], Description:[F1], IsModifiersHasFlag:[False], CM:[None]
2025-03-12 11:10:50.407 [4] <INFO> - <System,VisualCaptureApp.MainWindow>[.ctor][IFO_000] 
        /***********************************************
                          _ooOoo_
                         o8888888o
                         88" . "88
                         (| -_- |)
                         O\  =  /O
                      ____/`---'\____
                    .'  \\|     |//  `.
                   /  \\|||  :  |||//  \
                  /  _||||| -:- |||||-  \
                  |   | \\\  -  /// |   |
                  | \_|  ''\---/''  |   |
                  \  .-\__  `-`  ___/-. /
                ___`. .'  /--.--\  `. . __
             ."" '<  `.___\_<|>_/___.'  >'"".
            | | :  `- \`.;`\ _ /`;.`/ - ` : | |
            \  \ `-.   \_ __\ /__ _/   .-` /  /
       ======`-.____`-.___\_____/___.-`____.-'======
                          `=---='
       ^^^^^^^^^^^^^^^^^^^^^^^^^^^^^^^^^^^^^^^^^^^^^
                佛祖保佑       永無BUG
       *********************************************/

2025-03-12 11:10:51.401 [4] <INFO> - <System,VisualCaptureApp.MainWindow>[.ctor][IFO_000] 
    /**************************************************************

      [       遵從自然規律，讓萬物自行發揮       ]  <-----------
                            |                                   |
                            |                                   |
      [        遵從自然規律，讓萬物自行相剋      ]              |
                            |                                   |
                            |                                   |
      [          精通萬物一切原理熟知於心        ]              |
                            |                                   |
                            |                                   |
      [          運用萬物一切原理強身健體        ]              |
                            |                                   |
                            |                                   |
      [  緣起緣滅，讓萬物一切自動運轉，自生自滅  ]              |
                            |                                   |
                            |                                   |
      [        時有時無，萬物一切可有可無        ]              |
                            |                                   |
                            |                                   |
      [             天人合一，無欲無求           ]              |
                            |                                   |
                            |                                   |
      [              萬物一切歸為無              ]              |
                            |                                   |
                            |                                   |
      [           心有所想，創建美妙世界         ] --------------

    ^^^^^^^^^^^^^^^^^^^^^^^^^^^^^^^^^^^^^^^^^^^^^^^^^^^^^^^^^^^^^^^
              如何成為長官的秘訣            劉彩萍指揮官
    ***************************************************************/
            
2025-03-12 11:10:51.622 [4] <INFO> - <System,VisualCaptureApp.MainWindow>[.ctor][IFO_000] Start...
2025-03-12 11:10:51.622 [6] <INFO> - <System,VisualCaptureApp.MainWindow>[WindowTopMost][IFO_000] Setting:[True]
2025-03-12 11:10:52.141 [6] <INFO> - <System,VisualCaptureApp.MainWindow>[DoEnableWatchKeyboard][IFO_000] RunWatch, Code:[112], Description:[F1], IsModifiersHasFlag:[False], CM:[None]
2025-03-12 11:11:04.424 [4] <INFO> - <System,VisualCaptureApp.MainWindow>[.ctor][IFO_000] 
        /***********************************************
                          _ooOoo_
                         o8888888o
                         88" . "88
                         (| -_- |)
                         O\  =  /O
                      ____/`---'\____
                    .'  \\|     |//  `.
                   /  \\|||  :  |||//  \
                  /  _||||| -:- |||||-  \
                  |   | \\\  -  /// |   |
                  | \_|  ''\---/''  |   |
                  \  .-\__  `-`  ___/-. /
                ___`. .'  /--.--\  `. . __
             ."" '<  `.___\_<|>_/___.'  >'"".
            | | :  `- \`.;`\ _ /`;.`/ - ` : | |
            \  \ `-.   \_ __\ /__ _/   .-` /  /
       ======`-.____`-.___\_____/___.-`____.-'======
                          `=---='
       ^^^^^^^^^^^^^^^^^^^^^^^^^^^^^^^^^^^^^^^^^^^^^
                佛祖保佑       永無BUG
       *********************************************/

2025-03-12 11:11:05.410 [4] <INFO> - <System,VisualCaptureApp.MainWindow>[.ctor][IFO_000] 
    /**************************************************************

      [       遵從自然規律，讓萬物自行發揮       ]  <-----------
                            |                                   |
                            |                                   |
      [        遵從自然規律，讓萬物自行相剋      ]              |
                            |                                   |
                            |                                   |
      [          精通萬物一切原理熟知於心        ]              |
                            |                                   |
                            |                                   |
      [          運用萬物一切原理強身健體        ]              |
                            |                                   |
                            |                                   |
      [  緣起緣滅，讓萬物一切自動運轉，自生自滅  ]              |
                            |                                   |
                            |                                   |
      [        時有時無，萬物一切可有可無        ]              |
                            |                                   |
                            |                                   |
      [             天人合一，無欲無求           ]              |
                            |                                   |
                            |                                   |
      [              萬物一切歸為無              ]              |
                            |                                   |
                            |                                   |
      [           心有所想，創建美妙世界         ] --------------

    ^^^^^^^^^^^^^^^^^^^^^^^^^^^^^^^^^^^^^^^^^^^^^^^^^^^^^^^^^^^^^^^
              如何成為長官的秘訣            劉彩萍指揮官
    ***************************************************************/
            
2025-03-12 11:11:05.636 [4] <INFO> - <System,VisualCaptureApp.MainWindow>[.ctor][IFO_000] Start...
2025-03-12 11:11:05.636 [4] <INFO> - <System,VisualCaptureApp.MainWindow>[WindowTopMost][IFO_000] Setting:[True]
2025-03-12 11:11:06.148 [6] <INFO> - <System,VisualCaptureApp.MainWindow>[DoEnableWatchKeyboard][IFO_000] RunWatch, Code:[112], Description:[F1], IsModifiersHasFlag:[False], CM:[None]
2025-03-12 11:11:10.123 [6] <INFO> - <System,VisualCaptureApp.Base.BaseScreenshot>[KeyboardWatchEvent][IFO_000] Touch Keyboard, Code:[112], Description:[F1], IsModifiersHasFlag:[False], CM:[None]
2025-03-12 11:11:10.610 [6] <INFO> - <System,VisualCaptureApp.Base.BaseScreenshot>[DoScreenshotFullScreen][IFO_000] SaveScreenshot:[D:\蔡承廷\Development\VisualCapture\VisualCaptureApp\bin\Release\net8.0-windows\Data\2025-03-12_11-11-10-136-AllScreens.jpeg]
2025-03-12 11:11:23.555 [4] <INFO> - <System,VisualCaptureApp.Base.BaseScreenshot>[KeyboardWatchEvent][IFO_000] Touch Keyboard, Code:[112], Description:[F1], IsModifiersHasFlag:[False], CM:[None]
2025-03-12 11:11:23.896 [4] <INFO> - <System,VisualCaptureApp.Base.BaseScreenshot>[DoScreenshotFullScreen][IFO_000] SaveScreenshot:[D:\蔡承廷\Development\VisualCapture\VisualCaptureApp\bin\Release\net8.0-windows\Data\2025-03-12_11-11-23-561-AllScreens.jpeg]
2025-03-12 11:11:32.874 [4] <INFO> - <System,VisualCaptureApp.Base.BaseScreenshot>[KeyboardWatchEvent][IFO_000] Touch Keyboard, Code:[112], Description:[F1], IsModifiersHasFlag:[False], CM:[None]
2025-03-12 11:11:33.174 [4] <INFO> - <System,VisualCaptureApp.Base.BaseScreenshot>[DoScreenshotFullScreen][IFO_000] SaveScreenshot:[D:\蔡承廷\Development\VisualCapture\VisualCaptureApp\bin\Release\net8.0-windows\Data\2025-03-12_11-11-32-878-AllScreens.jpeg]
2025-03-12 11:11:34.128 [4] <INFO> - <System,VisualCaptureApp.Base.BaseScreenshot>[KeyboardWatchEvent][IFO_000] Touch Keyboard, Code:[112], Description:[F1], IsModifiersHasFlag:[False], CM:[None]
2025-03-12 11:11:34.494 [4] <INFO> - <System,VisualCaptureApp.Base.BaseScreenshot>[DoScreenshotFullScreen][IFO_000] SaveScreenshot:[D:\蔡承廷\Development\VisualCapture\VisualCaptureApp\bin\Release\net8.0-windows\Data\2025-03-12_11-11-34-133-AllScreens.jpeg]
