2025-03-09 20:45:01.394 [7] <INFO> - <System,VisualCaptureApp.MainWindow>[.ctor][IFO_000] 
        /***********************************************
                          _ooOoo_
                         o8888888o
                         88" . "88
                         (| -_- |)
                         O\  =  /O
                      ____/`---'\____
                    .'  \\|     |//  `.
                   /  \\|||  :  |||//  \
                  /  _||||| -:- |||||-  \
                  |   | \\\  -  /// |   |
                  | \_|  ''\---/''  |   |
                  \  .-\__  `-`  ___/-. /
                ___`. .'  /--.--\  `. . __
             ."" '<  `.___\_<|>_/___.'  >'"".
            | | :  `- \`.;`\ _ /`;.`/ - ` : | |
            \  \ `-.   \_ __\ /__ _/   .-` /  /
       ======`-.____`-.___\_____/___.-`____.-'======
                          `=---='
       ^^^^^^^^^^^^^^^^^^^^^^^^^^^^^^^^^^^^^^^^^^^^^
                佛祖保佑       永無BUG
       *********************************************/

2025-03-09 20:45:02.689 [5] <INFO> - <System,VisualCaptureApp.MainWindow>[.ctor][IFO_000] 
    /**************************************************************

      [       遵從自然規律，讓萬物自行發揮       ]  <-----------
                            |                                   |
                            |                                   |
      [        遵從自然規律，讓萬物自行相剋      ]              |
                            |                                   |
                            |                                   |
      [          精通萬物一切原理熟知於心        ]              |
                            |                                   |
                            |                                   |
      [          運用萬物一切原理強身健體        ]              |
                            |                                   |
                            |                                   |
      [  緣起緣滅，讓萬物一切自動運轉，自生自滅  ]              |
                            |                                   |
                            |                                   |
      [        時有時無，萬物一切可有可無        ]              |
                            |                                   |
                            |                                   |
      [             天人合一，無欲無求           ]              |
                            |                                   |
                            |                                   |
      [              萬物一切歸為無              ]              |
                            |                                   |
                            |                                   |
      [           心有所想，創建美妙世界         ] --------------

    ^^^^^^^^^^^^^^^^^^^^^^^^^^^^^^^^^^^^^^^^^^^^^^^^^^^^^^^^^^^^^^^
              如何成為長官的秘訣            劉彩萍指揮官
    ***************************************************************/
            
2025-03-09 20:45:02.689 [5] <INFO> - <System,VisualCaptureApp.MainWindow>[.ctor][IFO_000] Start...
2025-03-09 20:45:02.689 [7] <INFO> - <System,VisualCaptureApp.MainWindow>[DoEnableWatchKeyboard][IFO_000] RunWatch, Code:[112], Description:[F1], IsModifiersHasFlag:[False], CM:[None]
2025-03-09 20:45:02.777 [12] <INFO> - <System,VisualCaptureApp.MainWindow>[WindowTopMost][IFO_000] Setting:[True]
2025-03-09 20:45:05.928 [5] <INFO> - <System,VisualCaptureApp.Base.BaseScreenshot>[DoScreenshotFullScreen][IFO_000] SaveScreenshot:[D:\蔡承廷\Development\VisualCapture\VisualCaptureApp\bin\Release\net8.0-windows\Data\2025-03-09_20-45-05-730-AllScreens.jpeg]
2025-03-09 20:46:15.988 [5] <INFO> - <System,VisualCaptureApp.MainWindow>[.ctor][IFO_000] 
        /***********************************************
                          _ooOoo_
                         o8888888o
                         88" . "88
                         (| -_- |)
                         O\  =  /O
                      ____/`---'\____
                    .'  \\|     |//  `.
                   /  \\|||  :  |||//  \
                  /  _||||| -:- |||||-  \
                  |   | \\\  -  /// |   |
                  | \_|  ''\---/''  |   |
                  \  .-\__  `-`  ___/-. /
                ___`. .'  /--.--\  `. . __
             ."" '<  `.___\_<|>_/___.'  >'"".
            | | :  `- \`.;`\ _ /`;.`/ - ` : | |
            \  \ `-.   \_ __\ /__ _/   .-` /  /
       ======`-.____`-.___\_____/___.-`____.-'======
                          `=---='
       ^^^^^^^^^^^^^^^^^^^^^^^^^^^^^^^^^^^^^^^^^^^^^
                佛祖保佑       永無BUG
       *********************************************/

2025-03-09 20:46:17.283 [5] <INFO> - <System,VisualCaptureApp.MainWindow>[.ctor][IFO_000] 
    /**************************************************************

      [       遵從自然規律，讓萬物自行發揮       ]  <-----------
                            |                                   |
                            |                                   |
      [        遵從自然規律，讓萬物自行相剋      ]              |
                            |                                   |
                            |                                   |
      [          精通萬物一切原理熟知於心        ]              |
                            |                                   |
                            |                                   |
      [          運用萬物一切原理強身健體        ]              |
                            |                                   |
                            |                                   |
      [  緣起緣滅，讓萬物一切自動運轉，自生自滅  ]              |
                            |                                   |
                            |                                   |
      [        時有時無，萬物一切可有可無        ]              |
                            |                                   |
                            |                                   |
      [             天人合一，無欲無求           ]              |
                            |                                   |
                            |                                   |
      [              萬物一切歸為無              ]              |
                            |                                   |
                            |                                   |
      [           心有所想，創建美妙世界         ] --------------

    ^^^^^^^^^^^^^^^^^^^^^^^^^^^^^^^^^^^^^^^^^^^^^^^^^^^^^^^^^^^^^^^
              如何成為長官的秘訣            劉彩萍指揮官
    ***************************************************************/
            
2025-03-09 20:46:17.283 [5] <INFO> - <System,VisualCaptureApp.MainWindow>[.ctor][IFO_000] Start...
2025-03-09 20:46:17.283 [5] <INFO> - <System,VisualCaptureApp.MainWindow>[DoEnableWatchKeyboard][IFO_000] RunWatch, Code:[112], Description:[F1], IsModifiersHasFlag:[False], CM:[None]
2025-03-09 20:46:17.283 [5] <INFO> - <System,VisualCaptureApp.MainWindow>[WindowTopMost][IFO_000] Setting:[True]
2025-03-09 20:46:20.110 [5] <INFO> - <System,VisualCaptureApp.Base.BaseScreenshot>[DoScreenshotFullScreen][IFO_000] SaveScreenshot:[D:\蔡承廷\Development\VisualCapture\VisualCaptureApp\bin\Release\net8.0-windows\Data\2025-03-09_20-46-19-894-AllScreens.jpeg]
2025-03-09 20:46:24.668 [5] <INFO> - <System,VisualCaptureApp.Base.BaseScreenshot>[DoScreenshotFullScreen][IFO_000] SaveScreenshot:[D:\蔡承廷\Development\VisualCapture\VisualCaptureApp\bin\Release\net8.0-windows\Data\2025-03-09_20-46-24-499-AllScreens.jpeg]
2025-03-09 20:47:00.846 [4] <INFO> - <System,VisualCaptureApp.MainWindow>[.ctor][IFO_000] 
        /***********************************************
                          _ooOoo_
                         o8888888o
                         88" . "88
                         (| -_- |)
                         O\  =  /O
                      ____/`---'\____
                    .'  \\|     |//  `.
                   /  \\|||  :  |||//  \
                  /  _||||| -:- |||||-  \
                  |   | \\\  -  /// |   |
                  | \_|  ''\---/''  |   |
                  \  .-\__  `-`  ___/-. /
                ___`. .'  /--.--\  `. . __
             ."" '<  `.___\_<|>_/___.'  >'"".
            | | :  `- \`.;`\ _ /`;.`/ - ` : | |
            \  \ `-.   \_ __\ /__ _/   .-` /  /
       ======`-.____`-.___\_____/___.-`____.-'======
                          `=---='
       ^^^^^^^^^^^^^^^^^^^^^^^^^^^^^^^^^^^^^^^^^^^^^
                佛祖保佑       永無BUG
       *********************************************/

2025-03-09 20:47:02.081 [4] <INFO> - <System,VisualCaptureApp.MainWindow>[.ctor][IFO_000] 
    /**************************************************************

      [       遵從自然規律，讓萬物自行發揮       ]  <-----------
                            |                                   |
                            |                                   |
      [        遵從自然規律，讓萬物自行相剋      ]              |
                            |                                   |
                            |                                   |
      [          精通萬物一切原理熟知於心        ]              |
                            |                                   |
                            |                                   |
      [          運用萬物一切原理強身健體        ]              |
                            |                                   |
                            |                                   |
      [  緣起緣滅，讓萬物一切自動運轉，自生自滅  ]              |
                            |                                   |
                            |                                   |
      [        時有時無，萬物一切可有可無        ]              |
                            |                                   |
                            |                                   |
      [             天人合一，無欲無求           ]              |
                            |                                   |
                            |                                   |
      [              萬物一切歸為無              ]              |
                            |                                   |
                            |                                   |
      [           心有所想，創建美妙世界         ] --------------

    ^^^^^^^^^^^^^^^^^^^^^^^^^^^^^^^^^^^^^^^^^^^^^^^^^^^^^^^^^^^^^^^
              如何成為長官的秘訣            劉彩萍指揮官
    ***************************************************************/
            
2025-03-09 20:47:02.081 [4] <INFO> - <System,VisualCaptureApp.MainWindow>[.ctor][IFO_000] Start...
2025-03-09 20:47:02.081 [6] <INFO> - <System,VisualCaptureApp.MainWindow>[DoEnableWatchKeyboard][IFO_000] RunWatch, Code:[112], Description:[F1], IsModifiersHasFlag:[False], CM:[None]
2025-03-09 20:47:02.081 [6] <INFO> - <System,VisualCaptureApp.MainWindow>[WindowTopMost][IFO_000] Setting:[True]
2025-03-09 20:47:04.279 [6] <INFO> - <System,VisualCaptureApp.Base.BaseScreenshot>[DoScreenshotFullScreen][IFO_000] SaveScreenshot:[D:\蔡承廷\Development\VisualCapture\VisualCaptureApp\bin\Release\net8.0-windows\Data\2025-03-09_20-47-04-099-AllScreens.jpeg]
2025-03-09 20:47:05.328 [6] <INFO> - <System,VisualCaptureApp.Base.BaseScreenshot>[DoScreenshotFullScreen][IFO_000] SaveScreenshot:[D:\蔡承廷\Development\VisualCapture\VisualCaptureApp\bin\Release\net8.0-windows\Data\2025-03-09_20-47-05-178-AllScreens.jpeg]
2025-03-09 20:47:06.179 [6] <INFO> - <System,VisualCaptureApp.Base.BaseScreenshot>[DoScreenshotFullScreen][IFO_000] SaveScreenshot:[D:\蔡承廷\Development\VisualCapture\VisualCaptureApp\bin\Release\net8.0-windows\Data\2025-03-09_20-47-06-028-AllScreens.jpeg]
2025-03-09 20:47:06.947 [6] <INFO> - <System,VisualCaptureApp.Base.BaseScreenshot>[DoScreenshotFullScreen][IFO_000] SaveScreenshot:[D:\蔡承廷\Development\VisualCapture\VisualCaptureApp\bin\Release\net8.0-windows\Data\2025-03-09_20-47-06-791-AllScreens.jpeg]
2025-03-09 20:47:07.762 [6] <INFO> - <System,VisualCaptureApp.Base.BaseScreenshot>[DoScreenshotFullScreen][IFO_000] SaveScreenshot:[D:\蔡承廷\Development\VisualCapture\VisualCaptureApp\bin\Release\net8.0-windows\Data\2025-03-09_20-47-07-603-AllScreens.jpeg]
2025-03-09 20:47:08.597 [6] <INFO> - <System,VisualCaptureApp.Base.BaseScreenshot>[DoScreenshotFullScreen][IFO_000] SaveScreenshot:[D:\蔡承廷\Development\VisualCapture\VisualCaptureApp\bin\Release\net8.0-windows\Data\2025-03-09_20-47-08-447-AllScreens.jpeg]
2025-03-09 20:47:35.913 [4] <INFO> - <System,VisualCaptureApp.MainWindow>[.ctor][IFO_000] 
        /***********************************************
                          _ooOoo_
                         o8888888o
                         88" . "88
                         (| -_- |)
                         O\  =  /O
                      ____/`---'\____
                    .'  \\|     |//  `.
                   /  \\|||  :  |||//  \
                  /  _||||| -:- |||||-  \
                  |   | \\\  -  /// |   |
                  | \_|  ''\---/''  |   |
                  \  .-\__  `-`  ___/-. /
                ___`. .'  /--.--\  `. . __
             ."" '<  `.___\_<|>_/___.'  >'"".
            | | :  `- \`.;`\ _ /`;.`/ - ` : | |
            \  \ `-.   \_ __\ /__ _/   .-` /  /
       ======`-.____`-.___\_____/___.-`____.-'======
                          `=---='
       ^^^^^^^^^^^^^^^^^^^^^^^^^^^^^^^^^^^^^^^^^^^^^
                佛祖保佑       永無BUG
       *********************************************/

2025-03-09 20:47:37.159 [4] <INFO> - <System,VisualCaptureApp.MainWindow>[.ctor][IFO_000] 
    /**************************************************************

      [       遵從自然規律，讓萬物自行發揮       ]  <-----------
                            |                                   |
                            |                                   |
      [        遵從自然規律，讓萬物自行相剋      ]              |
                            |                                   |
                            |                                   |
      [          精通萬物一切原理熟知於心        ]              |
                            |                                   |
                            |                                   |
      [          運用萬物一切原理強身健體        ]              |
                            |                                   |
                            |                                   |
      [  緣起緣滅，讓萬物一切自動運轉，自生自滅  ]              |
                            |                                   |
                            |                                   |
      [        時有時無，萬物一切可有可無        ]              |
                            |                                   |
                            |                                   |
      [             天人合一，無欲無求           ]              |
                            |                                   |
                            |                                   |
      [              萬物一切歸為無              ]              |
                            |                                   |
                            |                                   |
      [           心有所想，創建美妙世界         ] --------------

    ^^^^^^^^^^^^^^^^^^^^^^^^^^^^^^^^^^^^^^^^^^^^^^^^^^^^^^^^^^^^^^^
              如何成為長官的秘訣            劉彩萍指揮官
    ***************************************************************/
            
2025-03-09 20:47:37.159 [4] <INFO> - <System,VisualCaptureApp.MainWindow>[.ctor][IFO_000] Start...
2025-03-09 20:47:37.159 [4] <INFO> - <System,VisualCaptureApp.MainWindow>[DoEnableWatchKeyboard][IFO_000] RunWatch, Code:[112], Description:[F1], IsModifiersHasFlag:[False], CM:[None]
2025-03-09 20:47:37.159 [4] <INFO> - <System,VisualCaptureApp.MainWindow>[WindowTopMost][IFO_000] Setting:[True]
2025-03-09 20:47:38.414 [4] <INFO> - <System,VisualCaptureApp.Base.BaseScreenshot>[DoScreenshotFullScreen][IFO_000] SaveScreenshot:[D:\蔡承廷\Development\VisualCapture\VisualCaptureApp\bin\Release\net8.0-windows\Data\2025-03-09_20-47-38-242-AllScreens.jpeg]
2025-03-09 20:47:39.246 [4] <INFO> - <System,VisualCaptureApp.Base.BaseScreenshot>[DoScreenshotFullScreen][IFO_000] SaveScreenshot:[D:\蔡承廷\Development\VisualCapture\VisualCaptureApp\bin\Release\net8.0-windows\Data\2025-03-09_20-47-39-101-AllScreens.jpeg]
2025-03-09 20:47:40.079 [4] <INFO> - <System,VisualCaptureApp.Base.BaseScreenshot>[DoScreenshotFullScreen][IFO_000] SaveScreenshot:[D:\蔡承廷\Development\VisualCapture\VisualCaptureApp\bin\Release\net8.0-windows\Data\2025-03-09_20-47-39-943-AllScreens.jpeg]
2025-03-09 20:47:40.861 [4] <INFO> - <System,VisualCaptureApp.Base.BaseScreenshot>[DoScreenshotFullScreen][IFO_000] SaveScreenshot:[D:\蔡承廷\Development\VisualCapture\VisualCaptureApp\bin\Release\net8.0-windows\Data\2025-03-09_20-47-40-718-AllScreens.jpeg]
2025-03-09 20:47:41.577 [4] <INFO> - <System,VisualCaptureApp.Base.BaseScreenshot>[DoScreenshotFullScreen][IFO_000] SaveScreenshot:[D:\蔡承廷\Development\VisualCapture\VisualCaptureApp\bin\Release\net8.0-windows\Data\2025-03-09_20-47-41-419-AllScreens.jpeg]
2025-03-09 20:47:42.497 [4] <INFO> - <System,VisualCaptureApp.Base.BaseScreenshot>[DoScreenshotFullScreen][IFO_000] SaveScreenshot:[D:\蔡承廷\Development\VisualCapture\VisualCaptureApp\bin\Release\net8.0-windows\Data\2025-03-09_20-47-42-365-AllScreens.jpeg]
2025-03-09 20:47:45.662 [4] <INFO> - <System,VisualCaptureApp.Base.BaseScreenshot>[DoScreenshotFullScreen][IFO_000] SaveScreenshot:[D:\蔡承廷\Development\VisualCapture\VisualCaptureApp\bin\Release\net8.0-windows\Data\2025-03-09_20-47-45-512-AllScreens.jpeg]
2025-03-09 20:47:46.268 [4] <INFO> - <System,VisualCaptureApp.Base.BaseScreenshot>[DoScreenshotFullScreen][IFO_000] SaveScreenshot:[D:\蔡承廷\Development\VisualCapture\VisualCaptureApp\bin\Release\net8.0-windows\Data\2025-03-09_20-47-46-106-AllScreens.jpeg]
2025-03-09 20:47:47.028 [4] <INFO> - <System,VisualCaptureApp.Base.BaseScreenshot>[DoScreenshotFullScreen][IFO_000] SaveScreenshot:[D:\蔡承廷\Development\VisualCapture\VisualCaptureApp\bin\Release\net8.0-windows\Data\2025-03-09_20-47-46-871-AllScreens.jpeg]
2025-03-09 20:47:47.762 [4] <INFO> - <System,VisualCaptureApp.Base.BaseScreenshot>[DoScreenshotFullScreen][IFO_000] SaveScreenshot:[D:\蔡承廷\Development\VisualCapture\VisualCaptureApp\bin\Release\net8.0-windows\Data\2025-03-09_20-47-47-592-AllScreens.jpeg]
2025-03-09 20:47:52.643 [4] <INFO> - <System,VisualCaptureApp.Base.BaseScreenshot>[DoScreenshotFullScreen][IFO_000] SaveScreenshot:[D:\蔡承廷\Development\VisualCapture\VisualCaptureApp\bin\Release\net8.0-windows\Data\2025-03-09_20-47-52-492-AllScreens.jpeg]
2025-03-09 20:47:53.379 [4] <INFO> - <System,VisualCaptureApp.Base.BaseScreenshot>[DoScreenshotFullScreen][IFO_000] SaveScreenshot:[D:\蔡承廷\Development\VisualCapture\VisualCaptureApp\bin\Release\net8.0-windows\Data\2025-03-09_20-47-53-223-AllScreens.jpeg]
2025-03-09 20:47:54.110 [4] <INFO> - <System,VisualCaptureApp.Base.BaseScreenshot>[DoScreenshotFullScreen][IFO_000] SaveScreenshot:[D:\蔡承廷\Development\VisualCapture\VisualCaptureApp\bin\Release\net8.0-windows\Data\2025-03-09_20-47-53-955-AllScreens.jpeg]
2025-03-09 20:47:54.864 [4] <INFO> - <System,VisualCaptureApp.Base.BaseScreenshot>[DoScreenshotFullScreen][IFO_000] SaveScreenshot:[D:\蔡承廷\Development\VisualCapture\VisualCaptureApp\bin\Release\net8.0-windows\Data\2025-03-09_20-47-54-697-AllScreens.jpeg]
2025-03-09 20:47:55.663 [4] <INFO> - <System,VisualCaptureApp.Base.BaseScreenshot>[DoScreenshotFullScreen][IFO_000] SaveScreenshot:[D:\蔡承廷\Development\VisualCapture\VisualCaptureApp\bin\Release\net8.0-windows\Data\2025-03-09_20-47-55-501-AllScreens.jpeg]
2025-03-09 20:47:56.411 [4] <INFO> - <System,VisualCaptureApp.Base.BaseScreenshot>[DoScreenshotFullScreen][IFO_000] SaveScreenshot:[D:\蔡承廷\Development\VisualCapture\VisualCaptureApp\bin\Release\net8.0-windows\Data\2025-03-09_20-47-56-248-AllScreens.jpeg]
2025-03-09 20:47:57.198 [4] <INFO> - <System,VisualCaptureApp.Base.BaseScreenshot>[DoScreenshotFullScreen][IFO_000] SaveScreenshot:[D:\蔡承廷\Development\VisualCapture\VisualCaptureApp\bin\Release\net8.0-windows\Data\2025-03-09_20-47-57-043-AllScreens.jpeg]
2025-03-09 20:49:17.177 [4] <INFO> - <System,VisualCaptureApp.MainWindow>[.ctor][IFO_000] 
        /***********************************************
                          _ooOoo_
                         o8888888o
                         88" . "88
                         (| -_- |)
                         O\  =  /O
                      ____/`---'\____
                    .'  \\|     |//  `.
                   /  \\|||  :  |||//  \
                  /  _||||| -:- |||||-  \
                  |   | \\\  -  /// |   |
                  | \_|  ''\---/''  |   |
                  \  .-\__  `-`  ___/-. /
                ___`. .'  /--.--\  `. . __
             ."" '<  `.___\_<|>_/___.'  >'"".
            | | :  `- \`.;`\ _ /`;.`/ - ` : | |
            \  \ `-.   \_ __\ /__ _/   .-` /  /
       ======`-.____`-.___\_____/___.-`____.-'======
                          `=---='
       ^^^^^^^^^^^^^^^^^^^^^^^^^^^^^^^^^^^^^^^^^^^^^
                佛祖保佑       永無BUG
       *********************************************/

2025-03-09 20:49:18.395 [4] <INFO> - <System,VisualCaptureApp.MainWindow>[.ctor][IFO_000] 
    /**************************************************************

      [       遵從自然規律，讓萬物自行發揮       ]  <-----------
                            |                                   |
                            |                                   |
      [        遵從自然規律，讓萬物自行相剋      ]              |
                            |                                   |
                            |                                   |
      [          精通萬物一切原理熟知於心        ]              |
                            |                                   |
                            |                                   |
      [          運用萬物一切原理強身健體        ]              |
                            |                                   |
                            |                                   |
      [  緣起緣滅，讓萬物一切自動運轉，自生自滅  ]              |
                            |                                   |
                            |                                   |
      [        時有時無，萬物一切可有可無        ]              |
                            |                                   |
                            |                                   |
      [             天人合一，無欲無求           ]              |
                            |                                   |
                            |                                   |
      [              萬物一切歸為無              ]              |
                            |                                   |
                            |                                   |
      [           心有所想，創建美妙世界         ] --------------

    ^^^^^^^^^^^^^^^^^^^^^^^^^^^^^^^^^^^^^^^^^^^^^^^^^^^^^^^^^^^^^^^
              如何成為長官的秘訣            劉彩萍指揮官
    ***************************************************************/
            
2025-03-09 20:49:18.395 [6] <INFO> - <System,VisualCaptureApp.MainWindow>[.ctor][IFO_000] Start...
2025-03-09 20:49:18.395 [4] <INFO> - <System,VisualCaptureApp.MainWindow>[DoEnableWatchKeyboard][IFO_000] RunWatch, Code:[112], Description:[F1], IsModifiersHasFlag:[False], CM:[None]
2025-03-09 20:49:18.395 [4] <INFO> - <System,VisualCaptureApp.MainWindow>[WindowTopMost][IFO_000] Setting:[True]
2025-03-09 20:49:19.566 [4] <INFO> - <System,VisualCaptureApp.Base.BaseScreenshot>[DoScreenshotFullScreen][IFO_000] SaveScreenshot:[D:\蔡承廷\Development\VisualCapture\VisualCaptureApp\bin\Release\net8.0-windows\Data\2025-03-09_20-49-19-368-AllScreens.jpeg]
2025-03-09 20:49:20.438 [4] <INFO> - <System,VisualCaptureApp.Base.BaseScreenshot>[DoScreenshotFullScreen][IFO_000] SaveScreenshot:[D:\蔡承廷\Development\VisualCapture\VisualCaptureApp\bin\Release\net8.0-windows\Data\2025-03-09_20-49-20-284-AllScreens.jpeg]
2025-03-09 20:49:21.352 [4] <INFO> - <System,VisualCaptureApp.Base.BaseScreenshot>[DoScreenshotFullScreen][IFO_000] SaveScreenshot:[D:\蔡承廷\Development\VisualCapture\VisualCaptureApp\bin\Release\net8.0-windows\Data\2025-03-09_20-49-21-184-AllScreens.jpeg]
2025-03-09 20:49:24.433 [4] <INFO> - <System,VisualCaptureApp.Base.BaseScreenshot>[DoScreenshotFullScreen][IFO_000] SaveScreenshot:[D:\蔡承廷\Development\VisualCapture\VisualCaptureApp\bin\Release\net8.0-windows\Data\2025-03-09_20-49-24-277-AllScreens.jpeg]
2025-03-09 20:49:25.282 [4] <INFO> - <System,VisualCaptureApp.Base.BaseScreenshot>[DoScreenshotFullScreen][IFO_000] SaveScreenshot:[D:\蔡承廷\Development\VisualCapture\VisualCaptureApp\bin\Release\net8.0-windows\Data\2025-03-09_20-49-25-129-AllScreens.jpeg]
2025-03-09 20:49:26.102 [4] <INFO> - <System,VisualCaptureApp.Base.BaseScreenshot>[DoScreenshotFullScreen][IFO_000] SaveScreenshot:[D:\蔡承廷\Development\VisualCapture\VisualCaptureApp\bin\Release\net8.0-windows\Data\2025-03-09_20-49-25-948-AllScreens.jpeg]
2025-03-09 20:49:30.618 [4] <INFO> - <System,VisualCaptureApp.Base.BaseScreenshot>[DoScreenshotFullScreen][IFO_000] SaveScreenshot:[D:\蔡承廷\Development\VisualCapture\VisualCaptureApp\bin\Release\net8.0-windows\Data\2025-03-09_20-49-30-472-AllScreens.jpeg]
2025-03-09 20:49:31.398 [4] <INFO> - <System,VisualCaptureApp.Base.BaseScreenshot>[DoScreenshotFullScreen][IFO_000] SaveScreenshot:[D:\蔡承廷\Development\VisualCapture\VisualCaptureApp\bin\Release\net8.0-windows\Data\2025-03-09_20-49-31-227-AllScreens.jpeg]
2025-03-09 20:49:32.080 [4] <INFO> - <System,VisualCaptureApp.Base.BaseScreenshot>[DoScreenshotFullScreen][IFO_000] SaveScreenshot:[D:\蔡承廷\Development\VisualCapture\VisualCaptureApp\bin\Release\net8.0-windows\Data\2025-03-09_20-49-31-918-AllScreens.jpeg]
2025-03-09 20:49:32.763 [4] <INFO> - <System,VisualCaptureApp.Base.BaseScreenshot>[DoScreenshotFullScreen][IFO_000] SaveScreenshot:[D:\蔡承廷\Development\VisualCapture\VisualCaptureApp\bin\Release\net8.0-windows\Data\2025-03-09_20-49-32-614-AllScreens.jpeg]
2025-03-09 20:49:33.446 [4] <INFO> - <System,VisualCaptureApp.Base.BaseScreenshot>[DoScreenshotFullScreen][IFO_000] SaveScreenshot:[D:\蔡承廷\Development\VisualCapture\VisualCaptureApp\bin\Release\net8.0-windows\Data\2025-03-09_20-49-33-298-AllScreens.jpeg]
2025-03-09 20:49:35.697 [4] <INFO> - <System,VisualCaptureApp.Base.BaseScreenshot>[DoScreenshotFullScreen][IFO_000] SaveScreenshot:[D:\蔡承廷\Development\VisualCapture\VisualCaptureApp\bin\Release\net8.0-windows\Data\2025-03-09_20-49-35-556-AllScreens.jpeg]
2025-03-09 20:49:36.398 [4] <INFO> - <System,VisualCaptureApp.Base.BaseScreenshot>[DoScreenshotFullScreen][IFO_000] SaveScreenshot:[D:\蔡承廷\Development\VisualCapture\VisualCaptureApp\bin\Release\net8.0-windows\Data\2025-03-09_20-49-36-235-AllScreens.jpeg]
2025-03-09 20:49:39.483 [4] <INFO> - <System,VisualCaptureApp.Base.BaseScreenshot>[DoScreenshotFullScreen][IFO_000] SaveScreenshot:[D:\蔡承廷\Development\VisualCapture\VisualCaptureApp\bin\Release\net8.0-windows\Data\2025-03-09_20-49-39-321-AllScreens.jpeg]
2025-03-09 20:51:15.039 [4] <INFO> - <System,VisualCaptureApp.MainWindow>[.ctor][IFO_000] 
        /***********************************************
                          _ooOoo_
                         o8888888o
                         88" . "88
                         (| -_- |)
                         O\  =  /O
                      ____/`---'\____
                    .'  \\|     |//  `.
                   /  \\|||  :  |||//  \
                  /  _||||| -:- |||||-  \
                  |   | \\\  -  /// |   |
                  | \_|  ''\---/''  |   |
                  \  .-\__  `-`  ___/-. /
                ___`. .'  /--.--\  `. . __
             ."" '<  `.___\_<|>_/___.'  >'"".
            | | :  `- \`.;`\ _ /`;.`/ - ` : | |
            \  \ `-.   \_ __\ /__ _/   .-` /  /
       ======`-.____`-.___\_____/___.-`____.-'======
                          `=---='
       ^^^^^^^^^^^^^^^^^^^^^^^^^^^^^^^^^^^^^^^^^^^^^
                佛祖保佑       永無BUG
       *********************************************/

2025-03-09 20:51:16.281 [4] <INFO> - <System,VisualCaptureApp.MainWindow>[.ctor][IFO_000] 
    /**************************************************************

      [       遵從自然規律，讓萬物自行發揮       ]  <-----------
                            |                                   |
                            |                                   |
      [        遵從自然規律，讓萬物自行相剋      ]              |
                            |                                   |
                            |                                   |
      [          精通萬物一切原理熟知於心        ]              |
                            |                                   |
                            |                                   |
      [          運用萬物一切原理強身健體        ]              |
                            |                                   |
                            |                                   |
      [  緣起緣滅，讓萬物一切自動運轉，自生自滅  ]              |
                            |                                   |
                            |                                   |
      [        時有時無，萬物一切可有可無        ]              |
                            |                                   |
                            |                                   |
      [             天人合一，無欲無求           ]              |
                            |                                   |
                            |                                   |
      [              萬物一切歸為無              ]              |
                            |                                   |
                            |                                   |
      [           心有所想，創建美妙世界         ] --------------

    ^^^^^^^^^^^^^^^^^^^^^^^^^^^^^^^^^^^^^^^^^^^^^^^^^^^^^^^^^^^^^^^
              如何成為長官的秘訣            劉彩萍指揮官
    ***************************************************************/
            
2025-03-09 20:51:16.281 [4] <INFO> - <System,VisualCaptureApp.MainWindow>[.ctor][IFO_000] Start...
2025-03-09 20:51:16.281 [4] <INFO> - <System,VisualCaptureApp.MainWindow>[DoEnableWatchKeyboard][IFO_000] RunWatch, Code:[112], Description:[F1], IsModifiersHasFlag:[False], CM:[None]
2025-03-09 20:51:16.281 [4] <INFO> - <System,VisualCaptureApp.MainWindow>[WindowTopMost][IFO_000] Setting:[True]
2025-03-09 20:51:17.341 [4] <INFO> - <System,VisualCaptureApp.Base.BaseScreenshot>[DoScreenshotFullScreen][IFO_000] SaveScreenshot:[D:\蔡承廷\Development\VisualCapture\VisualCaptureApp\bin\Release\net8.0-windows\Data\2025-03-09_20-51-17-151-AllScreens.jpeg]
2025-03-09 20:51:18.275 [4] <INFO> - <System,VisualCaptureApp.Base.BaseScreenshot>[DoScreenshotFullScreen][IFO_000] SaveScreenshot:[D:\蔡承廷\Development\VisualCapture\VisualCaptureApp\bin\Release\net8.0-windows\Data\2025-03-09_20-51-18-109-AllScreens.jpeg]
2025-03-09 20:51:23.852 [4] <INFO> - <System,VisualCaptureApp.Base.BaseScreenshot>[DoScreenshotFullScreen][IFO_000] SaveScreenshot:[D:\蔡承廷\Development\VisualCapture\VisualCaptureApp\bin\Release\net8.0-windows\Data\2025-03-09_20-51-23-697-AllScreens.jpeg]
2025-03-09 20:51:24.603 [4] <INFO> - <System,VisualCaptureApp.Base.BaseScreenshot>[DoScreenshotFullScreen][IFO_000] SaveScreenshot:[D:\蔡承廷\Development\VisualCapture\VisualCaptureApp\bin\Release\net8.0-windows\Data\2025-03-09_20-51-24-440-AllScreens.jpeg]
2025-03-09 20:51:25.353 [4] <INFO> - <System,VisualCaptureApp.Base.BaseScreenshot>[DoScreenshotFullScreen][IFO_000] SaveScreenshot:[D:\蔡承廷\Development\VisualCapture\VisualCaptureApp\bin\Release\net8.0-windows\Data\2025-03-09_20-51-25-191-AllScreens.jpeg]
2025-03-09 20:51:26.101 [4] <INFO> - <System,VisualCaptureApp.Base.BaseScreenshot>[DoScreenshotFullScreen][IFO_000] SaveScreenshot:[D:\蔡承廷\Development\VisualCapture\VisualCaptureApp\bin\Release\net8.0-windows\Data\2025-03-09_20-51-25-947-AllScreens.jpeg]
2025-03-09 20:51:26.769 [4] <INFO> - <System,VisualCaptureApp.Base.BaseScreenshot>[DoScreenshotFullScreen][IFO_000] SaveScreenshot:[D:\蔡承廷\Development\VisualCapture\VisualCaptureApp\bin\Release\net8.0-windows\Data\2025-03-09_20-51-26-617-AllScreens.jpeg]
2025-03-09 20:51:27.501 [4] <INFO> - <System,VisualCaptureApp.Base.BaseScreenshot>[DoScreenshotFullScreen][IFO_000] SaveScreenshot:[D:\蔡承廷\Development\VisualCapture\VisualCaptureApp\bin\Release\net8.0-windows\Data\2025-03-09_20-51-27-345-AllScreens.jpeg]
2025-03-09 20:51:28.185 [4] <INFO> - <System,VisualCaptureApp.Base.BaseScreenshot>[DoScreenshotFullScreen][IFO_000] SaveScreenshot:[D:\蔡承廷\Development\VisualCapture\VisualCaptureApp\bin\Release\net8.0-windows\Data\2025-03-09_20-51-28-030-AllScreens.jpeg]
2025-03-09 20:51:28.822 [4] <INFO> - <System,VisualCaptureApp.Base.BaseScreenshot>[DoScreenshotFullScreen][IFO_000] SaveScreenshot:[D:\蔡承廷\Development\VisualCapture\VisualCaptureApp\bin\Release\net8.0-windows\Data\2025-03-09_20-51-28-675-AllScreens.jpeg]
2025-03-09 20:51:52.541 [4] <INFO> - <System,VisualCaptureApp.MainWindow>[.ctor][IFO_000] 
        /***********************************************
                          _ooOoo_
                         o8888888o
                         88" . "88
                         (| -_- |)
                         O\  =  /O
                      ____/`---'\____
                    .'  \\|     |//  `.
                   /  \\|||  :  |||//  \
                  /  _||||| -:- |||||-  \
                  |   | \\\  -  /// |   |
                  | \_|  ''\---/''  |   |
                  \  .-\__  `-`  ___/-. /
                ___`. .'  /--.--\  `. . __
             ."" '<  `.___\_<|>_/___.'  >'"".
            | | :  `- \`.;`\ _ /`;.`/ - ` : | |
            \  \ `-.   \_ __\ /__ _/   .-` /  /
       ======`-.____`-.___\_____/___.-`____.-'======
                          `=---='
       ^^^^^^^^^^^^^^^^^^^^^^^^^^^^^^^^^^^^^^^^^^^^^
                佛祖保佑       永無BUG
       *********************************************/

2025-03-09 20:51:53.775 [4] <INFO> - <System,VisualCaptureApp.MainWindow>[.ctor][IFO_000] 
    /**************************************************************

      [       遵從自然規律，讓萬物自行發揮       ]  <-----------
                            |                                   |
                            |                                   |
      [        遵從自然規律，讓萬物自行相剋      ]              |
                            |                                   |
                            |                                   |
      [          精通萬物一切原理熟知於心        ]              |
                            |                                   |
                            |                                   |
      [          運用萬物一切原理強身健體        ]              |
                            |                                   |
                            |                                   |
      [  緣起緣滅，讓萬物一切自動運轉，自生自滅  ]              |
                            |                                   |
                            |                                   |
      [        時有時無，萬物一切可有可無        ]              |
                            |                                   |
                            |                                   |
      [             天人合一，無欲無求           ]              |
                            |                                   |
                            |                                   |
      [              萬物一切歸為無              ]              |
                            |                                   |
                            |                                   |
      [           心有所想，創建美妙世界         ] --------------

    ^^^^^^^^^^^^^^^^^^^^^^^^^^^^^^^^^^^^^^^^^^^^^^^^^^^^^^^^^^^^^^^
              如何成為長官的秘訣            劉彩萍指揮官
    ***************************************************************/
            
2025-03-09 20:51:53.775 [4] <INFO> - <System,VisualCaptureApp.MainWindow>[.ctor][IFO_000] Start...
2025-03-09 20:51:53.775 [4] <INFO> - <System,VisualCaptureApp.MainWindow>[DoEnableWatchKeyboard][IFO_000] RunWatch, Code:[112], Description:[F1], IsModifiersHasFlag:[False], CM:[None]
2025-03-09 20:51:53.781 [6] <INFO> - <System,VisualCaptureApp.MainWindow>[WindowTopMost][IFO_000] Setting:[True]
2025-03-09 20:51:54.809 [6] <INFO> - <System,VisualCaptureApp.Base.BaseScreenshot>[DoScreenshotFullScreen][IFO_000] SaveScreenshot:[D:\蔡承廷\Development\VisualCapture\VisualCaptureApp\bin\Release\net8.0-windows\Data\2025-03-09_20-51-54-617-AllScreens.jpeg]
2025-03-09 20:51:55.646 [6] <INFO> - <System,VisualCaptureApp.Base.BaseScreenshot>[DoScreenshotFullScreen][IFO_000] SaveScreenshot:[D:\蔡承廷\Development\VisualCapture\VisualCaptureApp\bin\Release\net8.0-windows\Data\2025-03-09_20-51-55-488-AllScreens.jpeg]
2025-03-09 20:51:56.364 [6] <INFO> - <System,VisualCaptureApp.Base.BaseScreenshot>[DoScreenshotFullScreen][IFO_000] SaveScreenshot:[D:\蔡承廷\Development\VisualCapture\VisualCaptureApp\bin\Release\net8.0-windows\Data\2025-03-09_20-51-56-202-AllScreens.jpeg]
2025-03-09 20:51:57.078 [6] <INFO> - <System,VisualCaptureApp.Base.BaseScreenshot>[DoScreenshotFullScreen][IFO_000] SaveScreenshot:[D:\蔡承廷\Development\VisualCapture\VisualCaptureApp\bin\Release\net8.0-windows\Data\2025-03-09_20-51-56-923-AllScreens.jpeg]
2025-03-09 20:51:57.788 [6] <INFO> - <System,VisualCaptureApp.Base.BaseScreenshot>[DoScreenshotFullScreen][IFO_000] SaveScreenshot:[D:\蔡承廷\Development\VisualCapture\VisualCaptureApp\bin\Release\net8.0-windows\Data\2025-03-09_20-51-57-628-AllScreens.jpeg]
2025-03-09 20:52:29.181 [4] <INFO> - <System,VisualCaptureApp.MainWindow>[.ctor][IFO_000] 
        /***********************************************
                          _ooOoo_
                         o8888888o
                         88" . "88
                         (| -_- |)
                         O\  =  /O
                      ____/`---'\____
                    .'  \\|     |//  `.
                   /  \\|||  :  |||//  \
                  /  _||||| -:- |||||-  \
                  |   | \\\  -  /// |   |
                  | \_|  ''\---/''  |   |
                  \  .-\__  `-`  ___/-. /
                ___`. .'  /--.--\  `. . __
             ."" '<  `.___\_<|>_/___.'  >'"".
            | | :  `- \`.;`\ _ /`;.`/ - ` : | |
            \  \ `-.   \_ __\ /__ _/   .-` /  /
       ======`-.____`-.___\_____/___.-`____.-'======
                          `=---='
       ^^^^^^^^^^^^^^^^^^^^^^^^^^^^^^^^^^^^^^^^^^^^^
                佛祖保佑       永無BUG
       *********************************************/

2025-03-09 20:52:30.418 [4] <INFO> - <System,VisualCaptureApp.MainWindow>[.ctor][IFO_000] 
    /**************************************************************

      [       遵從自然規律，讓萬物自行發揮       ]  <-----------
                            |                                   |
                            |                                   |
      [        遵從自然規律，讓萬物自行相剋      ]              |
                            |                                   |
                            |                                   |
      [          精通萬物一切原理熟知於心        ]              |
                            |                                   |
                            |                                   |
      [          運用萬物一切原理強身健體        ]              |
                            |                                   |
                            |                                   |
      [  緣起緣滅，讓萬物一切自動運轉，自生自滅  ]              |
                            |                                   |
                            |                                   |
      [        時有時無，萬物一切可有可無        ]              |
                            |                                   |
                            |                                   |
      [             天人合一，無欲無求           ]              |
                            |                                   |
                            |                                   |
      [              萬物一切歸為無              ]              |
                            |                                   |
                            |                                   |
      [           心有所想，創建美妙世界         ] --------------

    ^^^^^^^^^^^^^^^^^^^^^^^^^^^^^^^^^^^^^^^^^^^^^^^^^^^^^^^^^^^^^^^
              如何成為長官的秘訣            劉彩萍指揮官
    ***************************************************************/
            
2025-03-09 20:52:30.425 [4] <INFO> - <System,VisualCaptureApp.MainWindow>[.ctor][IFO_000] Start...
2025-03-09 20:52:30.425 [4] <INFO> - <System,VisualCaptureApp.MainWindow>[DoEnableWatchKeyboard][IFO_000] RunWatch, Code:[112], Description:[F1], IsModifiersHasFlag:[False], CM:[None]
2025-03-09 20:52:30.425 [4] <INFO> - <System,VisualCaptureApp.MainWindow>[WindowTopMost][IFO_000] Setting:[True]
2025-03-09 20:52:31.373 [4] <INFO> - <System,VisualCaptureApp.Base.BaseScreenshot>[DoScreenshotFullScreen][IFO_000] SaveScreenshot:[D:\蔡承廷\Development\VisualCapture\VisualCaptureApp\bin\Release\net8.0-windows\Data\2025-03-09_20-52-31-191-AllScreens.jpeg]
2025-03-09 20:52:32.107 [4] <INFO> - <System,VisualCaptureApp.Base.BaseScreenshot>[DoScreenshotFullScreen][IFO_000] SaveScreenshot:[D:\蔡承廷\Development\VisualCapture\VisualCaptureApp\bin\Release\net8.0-windows\Data\2025-03-09_20-52-31-951-AllScreens.jpeg]
2025-03-09 20:52:32.907 [4] <INFO> - <System,VisualCaptureApp.Base.BaseScreenshot>[DoScreenshotFullScreen][IFO_000] SaveScreenshot:[D:\蔡承廷\Development\VisualCapture\VisualCaptureApp\bin\Release\net8.0-windows\Data\2025-03-09_20-52-32-749-AllScreens.jpeg]
2025-03-09 20:52:37.225 [4] <INFO> - <System,VisualCaptureApp.Base.BaseScreenshot>[DoScreenshotFullScreen][IFO_000] SaveScreenshot:[D:\蔡承廷\Development\VisualCapture\VisualCaptureApp\bin\Release\net8.0-windows\Data\2025-03-09_20-52-37-047-AllScreens.jpeg]
2025-03-09 20:52:37.907 [4] <INFO> - <System,VisualCaptureApp.Base.BaseScreenshot>[DoScreenshotFullScreen][IFO_000] SaveScreenshot:[D:\蔡承廷\Development\VisualCapture\VisualCaptureApp\bin\Release\net8.0-windows\Data\2025-03-09_20-52-37-749-AllScreens.jpeg]
2025-03-09 20:52:38.655 [4] <INFO> - <System,VisualCaptureApp.Base.BaseScreenshot>[DoScreenshotFullScreen][IFO_000] SaveScreenshot:[D:\蔡承廷\Development\VisualCapture\VisualCaptureApp\bin\Release\net8.0-windows\Data\2025-03-09_20-52-38-495-AllScreens.jpeg]
2025-03-09 20:52:39.372 [4] <INFO> - <System,VisualCaptureApp.Base.BaseScreenshot>[DoScreenshotFullScreen][IFO_000] SaveScreenshot:[D:\蔡承廷\Development\VisualCapture\VisualCaptureApp\bin\Release\net8.0-windows\Data\2025-03-09_20-52-39-211-AllScreens.jpeg]
2025-03-09 20:52:40.173 [4] <INFO> - <System,VisualCaptureApp.Base.BaseScreenshot>[DoScreenshotFullScreen][IFO_000] SaveScreenshot:[D:\蔡承廷\Development\VisualCapture\VisualCaptureApp\bin\Release\net8.0-windows\Data\2025-03-09_20-52-40-020-AllScreens.jpeg]
2025-03-09 20:52:41.073 [4] <INFO> - <System,VisualCaptureApp.Base.BaseScreenshot>[DoScreenshotFullScreen][IFO_000] SaveScreenshot:[D:\蔡承廷\Development\VisualCapture\VisualCaptureApp\bin\Release\net8.0-windows\Data\2025-03-09_20-52-40-909-AllScreens.jpeg]
2025-03-09 20:52:41.826 [4] <INFO> - <System,VisualCaptureApp.Base.BaseScreenshot>[DoScreenshotFullScreen][IFO_000] SaveScreenshot:[D:\蔡承廷\Development\VisualCapture\VisualCaptureApp\bin\Release\net8.0-windows\Data\2025-03-09_20-52-41-669-AllScreens.jpeg]
2025-03-09 20:52:42.893 [4] <INFO> - <System,VisualCaptureApp.Base.BaseScreenshot>[DoScreenshotFullScreen][IFO_000] SaveScreenshot:[D:\蔡承廷\Development\VisualCapture\VisualCaptureApp\bin\Release\net8.0-windows\Data\2025-03-09_20-52-42-735-AllScreens.jpeg]
2025-03-09 20:52:43.624 [4] <INFO> - <System,VisualCaptureApp.Base.BaseScreenshot>[DoScreenshotFullScreen][IFO_000] SaveScreenshot:[D:\蔡承廷\Development\VisualCapture\VisualCaptureApp\bin\Release\net8.0-windows\Data\2025-03-09_20-52-43-464-AllScreens.jpeg]
2025-03-09 20:53:09.331 [4] <INFO> - <System,VisualCaptureApp.MainWindow>[.ctor][IFO_000] 
        /***********************************************
                          _ooOoo_
                         o8888888o
                         88" . "88
                         (| -_- |)
                         O\  =  /O
                      ____/`---'\____
                    .'  \\|     |//  `.
                   /  \\|||  :  |||//  \
                  /  _||||| -:- |||||-  \
                  |   | \\\  -  /// |   |
                  | \_|  ''\---/''  |   |
                  \  .-\__  `-`  ___/-. /
                ___`. .'  /--.--\  `. . __
             ."" '<  `.___\_<|>_/___.'  >'"".
            | | :  `- \`.;`\ _ /`;.`/ - ` : | |
            \  \ `-.   \_ __\ /__ _/   .-` /  /
       ======`-.____`-.___\_____/___.-`____.-'======
                          `=---='
       ^^^^^^^^^^^^^^^^^^^^^^^^^^^^^^^^^^^^^^^^^^^^^
                佛祖保佑       永無BUG
       *********************************************/

2025-03-09 20:53:10.560 [4] <INFO> - <System,VisualCaptureApp.MainWindow>[.ctor][IFO_000] 
    /**************************************************************

      [       遵從自然規律，讓萬物自行發揮       ]  <-----------
                            |                                   |
                            |                                   |
      [        遵從自然規律，讓萬物自行相剋      ]              |
                            |                                   |
                            |                                   |
      [          精通萬物一切原理熟知於心        ]              |
                            |                                   |
                            |                                   |
      [          運用萬物一切原理強身健體        ]              |
                            |                                   |
                            |                                   |
      [  緣起緣滅，讓萬物一切自動運轉，自生自滅  ]              |
                            |                                   |
                            |                                   |
      [        時有時無，萬物一切可有可無        ]              |
                            |                                   |
                            |                                   |
      [             天人合一，無欲無求           ]              |
                            |                                   |
                            |                                   |
      [              萬物一切歸為無              ]              |
                            |                                   |
                            |                                   |
      [           心有所想，創建美妙世界         ] --------------

    ^^^^^^^^^^^^^^^^^^^^^^^^^^^^^^^^^^^^^^^^^^^^^^^^^^^^^^^^^^^^^^^
              如何成為長官的秘訣            劉彩萍指揮官
    ***************************************************************/
            
2025-03-09 20:53:10.562 [4] <INFO> - <System,VisualCaptureApp.MainWindow>[.ctor][IFO_000] Start...
2025-03-09 20:53:10.562 [4] <INFO> - <System,VisualCaptureApp.MainWindow>[DoEnableWatchKeyboard][IFO_000] RunWatch, Code:[112], Description:[F1], IsModifiersHasFlag:[False], CM:[None]
2025-03-09 20:53:10.562 [4] <INFO> - <System,VisualCaptureApp.MainWindow>[WindowTopMost][IFO_000] Setting:[True]
2025-03-09 20:53:12.889 [4] <INFO> - <System,VisualCaptureApp.Base.BaseScreenshot>[DoScreenshotFullScreen][IFO_000] SaveScreenshot:[D:\蔡承廷\Development\VisualCapture\VisualCaptureApp\bin\Release\net8.0-windows\Data\2025-03-09_20-53-12-714-AllScreens.jpeg]
2025-03-09 20:53:13.631 [4] <INFO> - <System,VisualCaptureApp.Base.BaseScreenshot>[DoScreenshotFullScreen][IFO_000] SaveScreenshot:[D:\蔡承廷\Development\VisualCapture\VisualCaptureApp\bin\Release\net8.0-windows\Data\2025-03-09_20-53-13-468-AllScreens.jpeg]
2025-03-09 20:53:14.349 [4] <INFO> - <System,VisualCaptureApp.Base.BaseScreenshot>[DoScreenshotFullScreen][IFO_000] SaveScreenshot:[D:\蔡承廷\Development\VisualCapture\VisualCaptureApp\bin\Release\net8.0-windows\Data\2025-03-09_20-53-14-188-AllScreens.jpeg]
2025-03-09 20:53:15.060 [4] <INFO> - <System,VisualCaptureApp.Base.BaseScreenshot>[DoScreenshotFullScreen][IFO_000] SaveScreenshot:[D:\蔡承廷\Development\VisualCapture\VisualCaptureApp\bin\Release\net8.0-windows\Data\2025-03-09_20-53-14-903-AllScreens.jpeg]
2025-03-09 20:53:15.798 [4] <INFO> - <System,VisualCaptureApp.Base.BaseScreenshot>[DoScreenshotFullScreen][IFO_000] SaveScreenshot:[D:\蔡承廷\Development\VisualCapture\VisualCaptureApp\bin\Release\net8.0-windows\Data\2025-03-09_20-53-15-638-AllScreens.jpeg]
2025-03-09 20:53:16.495 [4] <INFO> - <System,VisualCaptureApp.Base.BaseScreenshot>[DoScreenshotFullScreen][IFO_000] SaveScreenshot:[D:\蔡承廷\Development\VisualCapture\VisualCaptureApp\bin\Release\net8.0-windows\Data\2025-03-09_20-53-16-335-AllScreens.jpeg]
2025-03-09 20:53:17.227 [4] <INFO> - <System,VisualCaptureApp.Base.BaseScreenshot>[DoScreenshotFullScreen][IFO_000] SaveScreenshot:[D:\蔡承廷\Development\VisualCapture\VisualCaptureApp\bin\Release\net8.0-windows\Data\2025-03-09_20-53-17-074-AllScreens.jpeg]
2025-03-09 20:53:20.895 [4] <INFO> - <System,VisualCaptureApp.Base.BaseScreenshot>[DoScreenshotFullScreen][IFO_000] SaveScreenshot:[D:\蔡承廷\Development\VisualCapture\VisualCaptureApp\bin\Release\net8.0-windows\Data\2025-03-09_20-53-20-743-AllScreens.jpeg]
