2025-03-13 20:35:51.136 [7] <INFO> - <System,VisualCaptureApp.MainWindow>[.ctor][IFO_000] 
        /***********************************************
                          _ooOoo_
                         o8888888o
                         88" . "88
                         (| -_- |)
                         O\  =  /O
                      ____/`---'\____
                    .'  \\|     |//  `.
                   /  \\|||  :  |||//  \
                  /  _||||| -:- |||||-  \
                  |   | \\\  -  /// |   |
                  | \_|  ''\---/''  |   |
                  \  .-\__  `-`  ___/-. /
                ___`. .'  /--.--\  `. . __
             ."" '<  `.___\_<|>_/___.'  >'"".
            | | :  `- \`.;`\ _ /`;.`/ - ` : | |
            \  \ `-.   \_ __\ /__ _/   .-` /  /
       ======`-.____`-.___\_____/___.-`____.-'======
                          `=---='
       ^^^^^^^^^^^^^^^^^^^^^^^^^^^^^^^^^^^^^^^^^^^^^
                佛祖保佑       永無BUG
       *********************************************/

2025-03-13 20:35:52.136 [7] <INFO> - <System,VisualCaptureApp.MainWindow>[.ctor][IFO_000] 
    /**************************************************************

      [       遵從自然規律，讓萬物自行發揮       ]  <-----------
                            |                                   |
                            |                                   |
      [        遵從自然規律，讓萬物自行相剋      ]              |
                            |                                   |
                            |                                   |
      [          精通萬物一切原理熟知於心        ]              |
                            |                                   |
                            |                                   |
      [          運用萬物一切原理強身健體        ]              |
                            |                                   |
                            |                                   |
      [  緣起緣滅，讓萬物一切自動運轉，自生自滅  ]              |
                            |                                   |
                            |                                   |
      [        時有時無，萬物一切可有可無        ]              |
                            |                                   |
                            |                                   |
      [             天人合一，無欲無求           ]              |
                            |                                   |
                            |                                   |
      [              萬物一切歸為無              ]              |
                            |                                   |
                            |                                   |
      [           心有所想，創建美妙世界         ] --------------

    ^^^^^^^^^^^^^^^^^^^^^^^^^^^^^^^^^^^^^^^^^^^^^^^^^^^^^^^^^^^^^^^
              如何成為長官的秘訣            劉彩萍指揮官
    ***************************************************************/
            
2025-03-13 20:35:52.690 [5] <INFO> - <System,VisualCaptureApp.MainWindow>[.ctor][IFO_000] Start...
2025-03-13 20:35:52.709 [5] <INFO> - <System,VisualCaptureApp.MainWindow>[WindowTopMost][IFO_000] Setting:[True]
2025-03-13 20:35:53.078 [5] <INFO> - <System,VisualCaptureApp.MainWindow>[DoEnableWatchKeyboard][IFO_000] RunWatch, Code:[112], Description:[F1], IsModifiersHasFlag:[False], CM:[None]
2025-03-13 20:35:54.799 [5] <INFO> - <System,VisualCaptureApp.MainWindow>[CloseWindow][FCT_002][Catch] System.InvalidOperationException: 只能在隱藏的視窗呼叫 ShowDialog。
   at System.Windows.Window.ShowDialog()
   at VisualCaptureApp.MainWindow.CloseWindow(Object sender, RoutedEventArgs e) in D:\蔡承廷\Development\VisualCapture\VisualCaptureApp\MainWindow.xaml.cs:line 772
2025-03-13 20:40:45.132 [7] <INFO> - <System,VisualCaptureApp.MainWindow>[.ctor][IFO_000] 
        /***********************************************
                          _ooOoo_
                         o8888888o
                         88" . "88
                         (| -_- |)
                         O\  =  /O
                      ____/`---'\____
                    .'  \\|     |//  `.
                   /  \\|||  :  |||//  \
                  /  _||||| -:- |||||-  \
                  |   | \\\  -  /// |   |
                  | \_|  ''\---/''  |   |
                  \  .-\__  `-`  ___/-. /
                ___`. .'  /--.--\  `. . __
             ."" '<  `.___\_<|>_/___.'  >'"".
            | | :  `- \`.;`\ _ /`;.`/ - ` : | |
            \  \ `-.   \_ __\ /__ _/   .-` /  /
       ======`-.____`-.___\_____/___.-`____.-'======
                          `=---='
       ^^^^^^^^^^^^^^^^^^^^^^^^^^^^^^^^^^^^^^^^^^^^^
                佛祖保佑       永無BUG
       *********************************************/

2025-03-13 20:40:46.121 [7] <INFO> - <System,VisualCaptureApp.MainWindow>[.ctor][IFO_000] 
    /**************************************************************

      [       遵從自然規律，讓萬物自行發揮       ]  <-----------
                            |                                   |
                            |                                   |
      [        遵從自然規律，讓萬物自行相剋      ]              |
                            |                                   |
                            |                                   |
      [          精通萬物一切原理熟知於心        ]              |
                            |                                   |
                            |                                   |
      [          運用萬物一切原理強身健體        ]              |
                            |                                   |
                            |                                   |
      [  緣起緣滅，讓萬物一切自動運轉，自生自滅  ]              |
                            |                                   |
                            |                                   |
      [        時有時無，萬物一切可有可無        ]              |
                            |                                   |
                            |                                   |
      [             天人合一，無欲無求           ]              |
                            |                                   |
                            |                                   |
      [              萬物一切歸為無              ]              |
                            |                                   |
                            |                                   |
      [           心有所想，創建美妙世界         ] --------------

    ^^^^^^^^^^^^^^^^^^^^^^^^^^^^^^^^^^^^^^^^^^^^^^^^^^^^^^^^^^^^^^^
              如何成為長官的秘訣            劉彩萍指揮官
    ***************************************************************/
            
2025-03-13 20:40:46.629 [7] <INFO> - <System,VisualCaptureApp.MainWindow>[.ctor][IFO_000] Start...
2025-03-13 20:40:46.629 [7] <INFO> - <System,VisualCaptureApp.MainWindow>[WindowTopMost][IFO_000] Setting:[True]
2025-03-13 20:40:47.022 [5] <INFO> - <System,VisualCaptureApp.MainWindow>[DoEnableWatchKeyboard][IFO_000] RunWatch, Code:[112], Description:[F1], IsModifiersHasFlag:[False], CM:[None]
2025-03-13 20:41:15.200 [5] <INFO> - <System,VisualCaptureApp.MainWindow>[.ctor][IFO_000] 
        /***********************************************
                          _ooOoo_
                         o8888888o
                         88" . "88
                         (| -_- |)
                         O\  =  /O
                      ____/`---'\____
                    .'  \\|     |//  `.
                   /  \\|||  :  |||//  \
                  /  _||||| -:- |||||-  \
                  |   | \\\  -  /// |   |
                  | \_|  ''\---/''  |   |
                  \  .-\__  `-`  ___/-. /
                ___`. .'  /--.--\  `. . __
             ."" '<  `.___\_<|>_/___.'  >'"".
            | | :  `- \`.;`\ _ /`;.`/ - ` : | |
            \  \ `-.   \_ __\ /__ _/   .-` /  /
       ======`-.____`-.___\_____/___.-`____.-'======
                          `=---='
       ^^^^^^^^^^^^^^^^^^^^^^^^^^^^^^^^^^^^^^^^^^^^^
                佛祖保佑       永無BUG
       *********************************************/

2025-03-13 20:41:16.196 [5] <INFO> - <System,VisualCaptureApp.MainWindow>[.ctor][IFO_000] 
    /**************************************************************

      [       遵從自然規律，讓萬物自行發揮       ]  <-----------
                            |                                   |
                            |                                   |
      [        遵從自然規律，讓萬物自行相剋      ]              |
                            |                                   |
                            |                                   |
      [          精通萬物一切原理熟知於心        ]              |
                            |                                   |
                            |                                   |
      [          運用萬物一切原理強身健體        ]              |
                            |                                   |
                            |                                   |
      [  緣起緣滅，讓萬物一切自動運轉，自生自滅  ]              |
                            |                                   |
                            |                                   |
      [        時有時無，萬物一切可有可無        ]              |
                            |                                   |
                            |                                   |
      [             天人合一，無欲無求           ]              |
                            |                                   |
                            |                                   |
      [              萬物一切歸為無              ]              |
                            |                                   |
                            |                                   |
      [           心有所想，創建美妙世界         ] --------------

    ^^^^^^^^^^^^^^^^^^^^^^^^^^^^^^^^^^^^^^^^^^^^^^^^^^^^^^^^^^^^^^^
              如何成為長官的秘訣            劉彩萍指揮官
    ***************************************************************/
            
2025-03-13 20:41:16.692 [7] <INFO> - <System,VisualCaptureApp.MainWindow>[.ctor][IFO_000] Start...
2025-03-13 20:41:16.698 [7] <INFO> - <System,VisualCaptureApp.MainWindow>[WindowTopMost][IFO_000] Setting:[True]
2025-03-13 20:41:17.045 [7] <INFO> - <System,VisualCaptureApp.MainWindow>[DoEnableWatchKeyboard][IFO_000] RunWatch, Code:[112], Description:[F1], IsModifiersHasFlag:[False], CM:[None]
2025-03-13 22:11:34.035 [7] <INFO> - <System,VisualCaptureApp.MainWindow>[.ctor][IFO_000] 
        /***********************************************
                          _ooOoo_
                         o8888888o
                         88" . "88
                         (| -_- |)
                         O\  =  /O
                      ____/`---'\____
                    .'  \\|     |//  `.
                   /  \\|||  :  |||//  \
                  /  _||||| -:- |||||-  \
                  |   | \\\  -  /// |   |
                  | \_|  ''\---/''  |   |
                  \  .-\__  `-`  ___/-. /
                ___`. .'  /--.--\  `. . __
             ."" '<  `.___\_<|>_/___.'  >'"".
            | | :  `- \`.;`\ _ /`;.`/ - ` : | |
            \  \ `-.   \_ __\ /__ _/   .-` /  /
       ======`-.____`-.___\_____/___.-`____.-'======
                          `=---='
       ^^^^^^^^^^^^^^^^^^^^^^^^^^^^^^^^^^^^^^^^^^^^^
                佛祖保佑       永無BUG
       *********************************************/

2025-03-13 22:11:35.026 [7] <INFO> - <System,VisualCaptureApp.MainWindow>[.ctor][IFO_000] 
    /**************************************************************

      [       遵從自然規律，讓萬物自行發揮       ]  <-----------
                            |                                   |
                            |                                   |
      [        遵從自然規律，讓萬物自行相剋      ]              |
                            |                                   |
                            |                                   |
      [          精通萬物一切原理熟知於心        ]              |
                            |                                   |
                            |                                   |
      [          運用萬物一切原理強身健體        ]              |
                            |                                   |
                            |                                   |
      [  緣起緣滅，讓萬物一切自動運轉，自生自滅  ]              |
                            |                                   |
                            |                                   |
      [        時有時無，萬物一切可有可無        ]              |
                            |                                   |
                            |                                   |
      [             天人合一，無欲無求           ]              |
                            |                                   |
                            |                                   |
      [              萬物一切歸為無              ]              |
                            |                                   |
                            |                                   |
      [           心有所想，創建美妙世界         ] --------------

    ^^^^^^^^^^^^^^^^^^^^^^^^^^^^^^^^^^^^^^^^^^^^^^^^^^^^^^^^^^^^^^^
              如何成為長官的秘訣            劉彩萍指揮官
    ***************************************************************/
            
2025-03-13 22:11:35.795 [5] <INFO> - <System,VisualCaptureApp.MainWindow>[.ctor][IFO_000] Start...
2025-03-13 22:11:35.808 [5] <INFO> - <System,VisualCaptureApp.MainWindow>[WindowTopMost][IFO_000] Setting:[True]
2025-03-13 22:11:36.042 [5] <INFO> - <System,VisualCaptureApp.MainWindow>[DoEnableWatchKeyboard][IFO_000] RunWatch, Code:[112], Description:[F1], IsModifiersHasFlag:[False], CM:[None]
2025-03-13 22:12:04.224 [5] <INFO> - <System,VisualCaptureApp.MainWindow>[.ctor][IFO_000] 
        /***********************************************
                          _ooOoo_
                         o8888888o
                         88" . "88
                         (| -_- |)
                         O\  =  /O
                      ____/`---'\____
                    .'  \\|     |//  `.
                   /  \\|||  :  |||//  \
                  /  _||||| -:- |||||-  \
                  |   | \\\  -  /// |   |
                  | \_|  ''\---/''  |   |
                  \  .-\__  `-`  ___/-. /
                ___`. .'  /--.--\  `. . __
             ."" '<  `.___\_<|>_/___.'  >'"".
            | | :  `- \`.;`\ _ /`;.`/ - ` : | |
            \  \ `-.   \_ __\ /__ _/   .-` /  /
       ======`-.____`-.___\_____/___.-`____.-'======
                          `=---='
       ^^^^^^^^^^^^^^^^^^^^^^^^^^^^^^^^^^^^^^^^^^^^^
                佛祖保佑       永無BUG
       *********************************************/

2025-03-13 22:12:05.223 [5] <INFO> - <System,VisualCaptureApp.MainWindow>[.ctor][IFO_000] 
    /**************************************************************

      [       遵從自然規律，讓萬物自行發揮       ]  <-----------
                            |                                   |
                            |                                   |
      [        遵從自然規律，讓萬物自行相剋      ]              |
                            |                                   |
                            |                                   |
      [          精通萬物一切原理熟知於心        ]              |
                            |                                   |
                            |                                   |
      [          運用萬物一切原理強身健體        ]              |
                            |                                   |
                            |                                   |
      [  緣起緣滅，讓萬物一切自動運轉，自生自滅  ]              |
                            |                                   |
                            |                                   |
      [        時有時無，萬物一切可有可無        ]              |
                            |                                   |
                            |                                   |
      [             天人合一，無欲無求           ]              |
                            |                                   |
                            |                                   |
      [              萬物一切歸為無              ]              |
                            |                                   |
                            |                                   |
      [           心有所想，創建美妙世界         ] --------------

    ^^^^^^^^^^^^^^^^^^^^^^^^^^^^^^^^^^^^^^^^^^^^^^^^^^^^^^^^^^^^^^^
              如何成為長官的秘訣            劉彩萍指揮官
    ***************************************************************/
            
2025-03-13 22:12:05.775 [7] <INFO> - <System,VisualCaptureApp.MainWindow>[.ctor][IFO_000] Start...
2025-03-13 22:12:05.782 [7] <INFO> - <System,VisualCaptureApp.MainWindow>[WindowTopMost][IFO_000] Setting:[True]
2025-03-13 22:12:06.127 [5] <INFO> - <System,VisualCaptureApp.MainWindow>[DoEnableWatchKeyboard][IFO_000] RunWatch, Code:[112], Description:[F1], IsModifiersHasFlag:[False], CM:[None]
2025-03-13 23:06:54.184 [5] <INFO> - <System,VisualCaptureApp.MainWindow>[.ctor][IFO_000] 
        /***********************************************
                          _ooOoo_
                         o8888888o
                         88" . "88
                         (| -_- |)
                         O\  =  /O
                      ____/`---'\____
                    .'  \\|     |//  `.
                   /  \\|||  :  |||//  \
                  /  _||||| -:- |||||-  \
                  |   | \\\  -  /// |   |
                  | \_|  ''\---/''  |   |
                  \  .-\__  `-`  ___/-. /
                ___`. .'  /--.--\  `. . __
             ."" '<  `.___\_<|>_/___.'  >'"".
            | | :  `- \`.;`\ _ /`;.`/ - ` : | |
            \  \ `-.   \_ __\ /__ _/   .-` /  /
       ======`-.____`-.___\_____/___.-`____.-'======
                          `=---='
       ^^^^^^^^^^^^^^^^^^^^^^^^^^^^^^^^^^^^^^^^^^^^^
                佛祖保佑       永無BUG
       *********************************************/

2025-03-13 23:06:55.173 [5] <INFO> - <System,VisualCaptureApp.MainWindow>[.ctor][IFO_000] 
    /**************************************************************

      [       遵從自然規律，讓萬物自行發揮       ]  <-----------
                            |                                   |
                            |                                   |
      [        遵從自然規律，讓萬物自行相剋      ]              |
                            |                                   |
                            |                                   |
      [          精通萬物一切原理熟知於心        ]              |
                            |                                   |
                            |                                   |
      [          運用萬物一切原理強身健體        ]              |
                            |                                   |
                            |                                   |
      [  緣起緣滅，讓萬物一切自動運轉，自生自滅  ]              |
                            |                                   |
                            |                                   |
      [        時有時無，萬物一切可有可無        ]              |
                            |                                   |
                            |                                   |
      [             天人合一，無欲無求           ]              |
                            |                                   |
                            |                                   |
      [              萬物一切歸為無              ]              |
                            |                                   |
                            |                                   |
      [           心有所想，創建美妙世界         ] --------------

    ^^^^^^^^^^^^^^^^^^^^^^^^^^^^^^^^^^^^^^^^^^^^^^^^^^^^^^^^^^^^^^^
              如何成為長官的秘訣            劉彩萍指揮官
    ***************************************************************/
            
2025-03-13 23:06:55.682 [7] <INFO> - <System,VisualCaptureApp.MainWindow>[.ctor][IFO_000] Start...
2025-03-13 23:06:55.682 [7] <INFO> - <System,VisualCaptureApp.MainWindow>[WindowTopMost][IFO_000] Setting:[True]
2025-03-13 23:06:56.008 [5] <INFO> - <System,VisualCaptureApp.MainWindow>[DoEnableWatchKeyboard][IFO_000] RunWatch, Code:[112], Description:[F1], IsModifiersHasFlag:[False], CM:[None]
2025-03-13 23:09:00.072 [5] <INFO> - <System,VisualCaptureApp.MainWindow>[.ctor][IFO_000] 
        /***********************************************
                          _ooOoo_
                         o8888888o
                         88" . "88
                         (| -_- |)
                         O\  =  /O
                      ____/`---'\____
                    .'  \\|     |//  `.
                   /  \\|||  :  |||//  \
                  /  _||||| -:- |||||-  \
                  |   | \\\  -  /// |   |
                  | \_|  ''\---/''  |   |
                  \  .-\__  `-`  ___/-. /
                ___`. .'  /--.--\  `. . __
             ."" '<  `.___\_<|>_/___.'  >'"".
            | | :  `- \`.;`\ _ /`;.`/ - ` : | |
            \  \ `-.   \_ __\ /__ _/   .-` /  /
       ======`-.____`-.___\_____/___.-`____.-'======
                          `=---='
       ^^^^^^^^^^^^^^^^^^^^^^^^^^^^^^^^^^^^^^^^^^^^^
                佛祖保佑       永無BUG
       *********************************************/

2025-03-13 23:09:01.071 [5] <INFO> - <System,VisualCaptureApp.MainWindow>[.ctor][IFO_000] 
    /**************************************************************

      [       遵從自然規律，讓萬物自行發揮       ]  <-----------
                            |                                   |
                            |                                   |
      [        遵從自然規律，讓萬物自行相剋      ]              |
                            |                                   |
                            |                                   |
      [          精通萬物一切原理熟知於心        ]              |
                            |                                   |
                            |                                   |
      [          運用萬物一切原理強身健體        ]              |
                            |                                   |
                            |                                   |
      [  緣起緣滅，讓萬物一切自動運轉，自生自滅  ]              |
                            |                                   |
                            |                                   |
      [        時有時無，萬物一切可有可無        ]              |
                            |                                   |
                            |                                   |
      [             天人合一，無欲無求           ]              |
                            |                                   |
                            |                                   |
      [              萬物一切歸為無              ]              |
                            |                                   |
                            |                                   |
      [           心有所想，創建美妙世界         ] --------------

    ^^^^^^^^^^^^^^^^^^^^^^^^^^^^^^^^^^^^^^^^^^^^^^^^^^^^^^^^^^^^^^^
              如何成為長官的秘訣            劉彩萍指揮官
    ***************************************************************/
            
2025-03-13 23:09:01.691 [7] <INFO> - <System,VisualCaptureApp.MainWindow>[.ctor][IFO_000] Start...
2025-03-13 23:09:01.705 [5] <INFO> - <System,VisualCaptureApp.MainWindow>[WindowTopMost][IFO_000] Setting:[True]
2025-03-13 23:09:02.034 [7] <INFO> - <System,VisualCaptureApp.MainWindow>[DoEnableWatchKeyboard][IFO_000] RunWatch, Code:[112], Description:[F1], IsModifiersHasFlag:[False], CM:[None]
2025-03-13 23:11:07.452 [5] <INFO> - <System,VisualCaptureApp.MainWindow>[.ctor][IFO_000] 
        /***********************************************
                          _ooOoo_
                         o8888888o
                         88" . "88
                         (| -_- |)
                         O\  =  /O
                      ____/`---'\____
                    .'  \\|     |//  `.
                   /  \\|||  :  |||//  \
                  /  _||||| -:- |||||-  \
                  |   | \\\  -  /// |   |
                  | \_|  ''\---/''  |   |
                  \  .-\__  `-`  ___/-. /
                ___`. .'  /--.--\  `. . __
             ."" '<  `.___\_<|>_/___.'  >'"".
            | | :  `- \`.;`\ _ /`;.`/ - ` : | |
            \  \ `-.   \_ __\ /__ _/   .-` /  /
       ======`-.____`-.___\_____/___.-`____.-'======
                          `=---='
       ^^^^^^^^^^^^^^^^^^^^^^^^^^^^^^^^^^^^^^^^^^^^^
                佛祖保佑       永無BUG
       *********************************************/

2025-03-13 23:11:08.438 [5] <INFO> - <System,VisualCaptureApp.MainWindow>[.ctor][IFO_000] 
    /**************************************************************

      [       遵從自然規律，讓萬物自行發揮       ]  <-----------
                            |                                   |
                            |                                   |
      [        遵從自然規律，讓萬物自行相剋      ]              |
                            |                                   |
                            |                                   |
      [          精通萬物一切原理熟知於心        ]              |
                            |                                   |
                            |                                   |
      [          運用萬物一切原理強身健體        ]              |
                            |                                   |
                            |                                   |
      [  緣起緣滅，讓萬物一切自動運轉，自生自滅  ]              |
                            |                                   |
                            |                                   |
      [        時有時無，萬物一切可有可無        ]              |
                            |                                   |
                            |                                   |
      [             天人合一，無欲無求           ]              |
                            |                                   |
                            |                                   |
      [              萬物一切歸為無              ]              |
                            |                                   |
                            |                                   |
      [           心有所想，創建美妙世界         ] --------------

    ^^^^^^^^^^^^^^^^^^^^^^^^^^^^^^^^^^^^^^^^^^^^^^^^^^^^^^^^^^^^^^^
              如何成為長官的秘訣            劉彩萍指揮官
    ***************************************************************/
            
2025-03-13 23:11:08.942 [5] <INFO> - <System,VisualCaptureApp.MainWindow>[.ctor][IFO_000] Start...
2025-03-13 23:11:08.954 [7] <INFO> - <System,VisualCaptureApp.MainWindow>[WindowTopMost][IFO_000] Setting:[True]
2025-03-13 23:11:09.321 [7] <INFO> - <System,VisualCaptureApp.MainWindow>[DoEnableWatchKeyboard][IFO_000] RunWatch, Code:[112], Description:[F1], IsModifiersHasFlag:[False], CM:[None]
