2025-03-04 18:35:03.671 [5] <INFO> - <System,VisualCaptureApp.MainWindow>[.ctor][IFO_000] 
        /***********************************************
                          _ooOoo_
                         o8888888o
                         88" . "88
                         (| -_- |)
                         O\  =  /O
                      ____/`---'\____
                    .'  \\|     |//  `.
                   /  \\|||  :  |||//  \
                  /  _||||| -:- |||||-  \
                  |   | \\\  -  /// |   |
                  | \_|  ''\---/''  |   |
                  \  .-\__  `-`  ___/-. /
                ___`. .'  /--.--\  `. . __
             ."" '<  `.___\_<|>_/___.'  >'"".
            | | :  `- \`.;`\ _ /`;.`/ - ` : | |
            \  \ `-.   \_ __\ /__ _/   .-` /  /
       ======`-.____`-.___\_____/___.-`____.-'======
                          `=---='
       ^^^^^^^^^^^^^^^^^^^^^^^^^^^^^^^^^^^^^^^^^^^^^
                佛祖保佑       永無BUG
       *********************************************/

2025-03-04 18:35:46.695 [11] <INFO> - <System,VisualCaptureApp.MainWindow>[.ctor][IFO_000] 
    /**************************************************************

      [       遵從自然規律，讓萬物自行發揮       ]  <-----------
                            |                                   |
                            |                                   |
      [        遵從自然規律，讓萬物自行相剋      ]              |
                            |                                   |
                            |                                   |
      [          精通萬物一切原理熟知於心        ]              |
                            |                                   |
                            |                                   |
      [          運用萬物一切原理強身健體        ]              |
                            |                                   |
                            |                                   |
      [  緣起緣滅，讓萬物一切自動運轉，自生自滅  ]              |
                            |                                   |
                            |                                   |
      [        時有時無，萬物一切可有可無        ]              |
                            |                                   |
                            |                                   |
      [             天人合一，無欲無求           ]              |
                            |                                   |
                            |                                   |
      [              萬物一切歸為無              ]              |
                            |                                   |
                            |                                   |
      [           心有所想，創建美妙世界         ] --------------

    ^^^^^^^^^^^^^^^^^^^^^^^^^^^^^^^^^^^^^^^^^^^^^^^^^^^^^^^^^^^^^^^
              如何成為長官的秘訣            劉彩萍指揮官
    ***************************************************************/
            
2025-03-04 18:35:48.191 [11] <INFO> - <System,VisualCaptureApp.MainWindow>[.ctor][IFO_000] Start...
2025-03-04 18:37:18.835 [5] <INFO> - <System,VisualCaptureApp.MainWindow>[.ctor][IFO_000] 
        /***********************************************
                          _ooOoo_
                         o8888888o
                         88" . "88
                         (| -_- |)
                         O\  =  /O
                      ____/`---'\____
                    .'  \\|     |//  `.
                   /  \\|||  :  |||//  \
                  /  _||||| -:- |||||-  \
                  |   | \\\  -  /// |   |
                  | \_|  ''\---/''  |   |
                  \  .-\__  `-`  ___/-. /
                ___`. .'  /--.--\  `. . __
             ."" '<  `.___\_<|>_/___.'  >'"".
            | | :  `- \`.;`\ _ /`;.`/ - ` : | |
            \  \ `-.   \_ __\ /__ _/   .-` /  /
       ======`-.____`-.___\_____/___.-`____.-'======
                          `=---='
       ^^^^^^^^^^^^^^^^^^^^^^^^^^^^^^^^^^^^^^^^^^^^^
                佛祖保佑       永無BUG
       *********************************************/

2025-03-04 18:41:42.093 [7] <INFO> - <System,VisualCaptureApp.MainWindow>[.ctor][IFO_000] 
        /***********************************************
                          _ooOoo_
                         o8888888o
                         88" . "88
                         (| -_- |)
                         O\  =  /O
                      ____/`---'\____
                    .'  \\|     |//  `.
                   /  \\|||  :  |||//  \
                  /  _||||| -:- |||||-  \
                  |   | \\\  -  /// |   |
                  | \_|  ''\---/''  |   |
                  \  .-\__  `-`  ___/-. /
                ___`. .'  /--.--\  `. . __
             ."" '<  `.___\_<|>_/___.'  >'"".
            | | :  `- \`.;`\ _ /`;.`/ - ` : | |
            \  \ `-.   \_ __\ /__ _/   .-` /  /
       ======`-.____`-.___\_____/___.-`____.-'======
                          `=---='
       ^^^^^^^^^^^^^^^^^^^^^^^^^^^^^^^^^^^^^^^^^^^^^
                佛祖保佑       永無BUG
       *********************************************/

2025-03-04 18:41:44.406 [16] <INFO> - <System,VisualCaptureApp.MainWindow>[.ctor][IFO_000] 
    /**************************************************************

      [       遵從自然規律，讓萬物自行發揮       ]  <-----------
                            |                                   |
                            |                                   |
      [        遵從自然規律，讓萬物自行相剋      ]              |
                            |                                   |
                            |                                   |
      [          精通萬物一切原理熟知於心        ]              |
                            |                                   |
                            |                                   |
      [          運用萬物一切原理強身健體        ]              |
                            |                                   |
                            |                                   |
      [  緣起緣滅，讓萬物一切自動運轉，自生自滅  ]              |
                            |                                   |
                            |                                   |
      [        時有時無，萬物一切可有可無        ]              |
                            |                                   |
                            |                                   |
      [             天人合一，無欲無求           ]              |
                            |                                   |
                            |                                   |
      [              萬物一切歸為無              ]              |
                            |                                   |
                            |                                   |
      [           心有所想，創建美妙世界         ] --------------

    ^^^^^^^^^^^^^^^^^^^^^^^^^^^^^^^^^^^^^^^^^^^^^^^^^^^^^^^^^^^^^^^
              如何成為長官的秘訣            劉彩萍指揮官
    ***************************************************************/
            
2025-03-04 18:41:44.406 [16] <INFO> - <System,VisualCaptureApp.MainWindow>[.ctor][IFO_000] Start...
2025-03-04 18:41:44.406 [16] <INFO> - <System,VisualCaptureApp.MainWindow>[.ctor][ODI_004][ExpectedInfo] ILogger.AP.ExpectedInfo: Please check BaseScreenshot BaseCaptureFunctionL, Lsit is Null
   at VisualCaptureApp.MainWindow..ctor()
2025-03-04 18:46:07.910 [5] <INFO> - <System,VisualCaptureApp.MainWindow>[.ctor][IFO_000] 
        /***********************************************
                          _ooOoo_
                         o8888888o
                         88" . "88
                         (| -_- |)
                         O\  =  /O
                      ____/`---'\____
                    .'  \\|     |//  `.
                   /  \\|||  :  |||//  \
                  /  _||||| -:- |||||-  \
                  |   | \\\  -  /// |   |
                  | \_|  ''\---/''  |   |
                  \  .-\__  `-`  ___/-. /
                ___`. .'  /--.--\  `. . __
             ."" '<  `.___\_<|>_/___.'  >'"".
            | | :  `- \`.;`\ _ /`;.`/ - ` : | |
            \  \ `-.   \_ __\ /__ _/   .-` /  /
       ======`-.____`-.___\_____/___.-`____.-'======
                          `=---='
       ^^^^^^^^^^^^^^^^^^^^^^^^^^^^^^^^^^^^^^^^^^^^^
                佛祖保佑       永無BUG
       *********************************************/

2025-03-04 18:46:15.130 [10] <INFO> - <System,VisualCaptureApp.MainWindow>[.ctor][IFO_000] 
    /**************************************************************

      [       遵從自然規律，讓萬物自行發揮       ]  <-----------
                            |                                   |
                            |                                   |
      [        遵從自然規律，讓萬物自行相剋      ]              |
                            |                                   |
                            |                                   |
      [          精通萬物一切原理熟知於心        ]              |
                            |                                   |
                            |                                   |
      [          運用萬物一切原理強身健體        ]              |
                            |                                   |
                            |                                   |
      [  緣起緣滅，讓萬物一切自動運轉，自生自滅  ]              |
                            |                                   |
                            |                                   |
      [        時有時無，萬物一切可有可無        ]              |
                            |                                   |
                            |                                   |
      [             天人合一，無欲無求           ]              |
                            |                                   |
                            |                                   |
      [              萬物一切歸為無              ]              |
                            |                                   |
                            |                                   |
      [           心有所想，創建美妙世界         ] --------------

    ^^^^^^^^^^^^^^^^^^^^^^^^^^^^^^^^^^^^^^^^^^^^^^^^^^^^^^^^^^^^^^^
              如何成為長官的秘訣            劉彩萍指揮官
    ***************************************************************/
            
2025-03-04 18:46:15.130 [5] <INFO> - <System,VisualCaptureApp.MainWindow>[.ctor][IFO_000] Start...
2025-03-04 18:46:15.162 [10] <INFO> - <System,VisualCaptureApp.MainWindow>[PageOnLoad][ODI_004][ExpectedInfo] ILogger.AP.ExpectedInfo: Please check BaseScreenshot BaseCaptureFunctionL, List is Null
   at VisualCaptureApp.MainWindow.PageOnLoad(Object sender, RoutedEventArgs e) in D:\蔡承廷\Development\VisualCapture\VisualCaptureApp\MainWindow.xaml.cs:line 392
2025-03-04 18:49:03.338 [5] <INFO> - <System,VisualCaptureApp.MainWindow>[.ctor][IFO_000] 
        /***********************************************
                          _ooOoo_
                         o8888888o
                         88" . "88
                         (| -_- |)
                         O\  =  /O
                      ____/`---'\____
                    .'  \\|     |//  `.
                   /  \\|||  :  |||//  \
                  /  _||||| -:- |||||-  \
                  |   | \\\  -  /// |   |
                  | \_|  ''\---/''  |   |
                  \  .-\__  `-`  ___/-. /
                ___`. .'  /--.--\  `. . __
             ."" '<  `.___\_<|>_/___.'  >'"".
            | | :  `- \`.;`\ _ /`;.`/ - ` : | |
            \  \ `-.   \_ __\ /__ _/   .-` /  /
       ======`-.____`-.___\_____/___.-`____.-'======
                          `=---='
       ^^^^^^^^^^^^^^^^^^^^^^^^^^^^^^^^^^^^^^^^^^^^^
                佛祖保佑       永無BUG
       *********************************************/

2025-03-04 18:49:06.185 [5] <INFO> - <System,VisualCaptureApp.MainWindow>[.ctor][IFO_000] 
    /**************************************************************

      [       遵從自然規律，讓萬物自行發揮       ]  <-----------
                            |                                   |
                            |                                   |
      [        遵從自然規律，讓萬物自行相剋      ]              |
                            |                                   |
                            |                                   |
      [          精通萬物一切原理熟知於心        ]              |
                            |                                   |
                            |                                   |
      [          運用萬物一切原理強身健體        ]              |
                            |                                   |
                            |                                   |
      [  緣起緣滅，讓萬物一切自動運轉，自生自滅  ]              |
                            |                                   |
                            |                                   |
      [        時有時無，萬物一切可有可無        ]              |
                            |                                   |
                            |                                   |
      [             天人合一，無欲無求           ]              |
                            |                                   |
                            |                                   |
      [              萬物一切歸為無              ]              |
                            |                                   |
                            |                                   |
      [           心有所想，創建美妙世界         ] --------------

    ^^^^^^^^^^^^^^^^^^^^^^^^^^^^^^^^^^^^^^^^^^^^^^^^^^^^^^^^^^^^^^^
              如何成為長官的秘訣            劉彩萍指揮官
    ***************************************************************/
            
2025-03-04 18:49:06.207 [6] <INFO> - <System,VisualCaptureApp.MainWindow>[.ctor][IFO_000] Start...
2025-03-04 18:52:02.767 [7] <INFO> - <System,VisualCaptureApp.MainWindow>[.ctor][IFO_000] 
        /***********************************************
                          _ooOoo_
                         o8888888o
                         88" . "88
                         (| -_- |)
                         O\  =  /O
                      ____/`---'\____
                    .'  \\|     |//  `.
                   /  \\|||  :  |||//  \
                  /  _||||| -:- |||||-  \
                  |   | \\\  -  /// |   |
                  | \_|  ''\---/''  |   |
                  \  .-\__  `-`  ___/-. /
                ___`. .'  /--.--\  `. . __
             ."" '<  `.___\_<|>_/___.'  >'"".
            | | :  `- \`.;`\ _ /`;.`/ - ` : | |
            \  \ `-.   \_ __\ /__ _/   .-` /  /
       ======`-.____`-.___\_____/___.-`____.-'======
                          `=---='
       ^^^^^^^^^^^^^^^^^^^^^^^^^^^^^^^^^^^^^^^^^^^^^
                佛祖保佑       永無BUG
       *********************************************/

2025-03-04 18:52:05.754 [9] <INFO> - <System,VisualCaptureApp.MainWindow>[.ctor][IFO_000] 
    /**************************************************************

      [       遵從自然規律，讓萬物自行發揮       ]  <-----------
                            |                                   |
                            |                                   |
      [        遵從自然規律，讓萬物自行相剋      ]              |
                            |                                   |
                            |                                   |
      [          精通萬物一切原理熟知於心        ]              |
                            |                                   |
                            |                                   |
      [          運用萬物一切原理強身健體        ]              |
                            |                                   |
                            |                                   |
      [  緣起緣滅，讓萬物一切自動運轉，自生自滅  ]              |
                            |                                   |
                            |                                   |
      [        時有時無，萬物一切可有可無        ]              |
                            |                                   |
                            |                                   |
      [             天人合一，無欲無求           ]              |
                            |                                   |
                            |                                   |
      [              萬物一切歸為無              ]              |
                            |                                   |
                            |                                   |
      [           心有所想，創建美妙世界         ] --------------

    ^^^^^^^^^^^^^^^^^^^^^^^^^^^^^^^^^^^^^^^^^^^^^^^^^^^^^^^^^^^^^^^
              如何成為長官的秘訣            劉彩萍指揮官
    ***************************************************************/
            
2025-03-04 18:52:05.754 [5] <INFO> - <System,VisualCaptureApp.MainWindow>[.ctor][IFO_000] Start...
2025-03-04 18:53:58.658 [9] <INFO> - <System,VisualCaptureApp.MainWindow>[FolderBrowserDialogWindow][IFO_000] 選擇儲存的資料夾:[D:\]
2025-03-04 18:54:55.643 [11] <INFO> - <System,VisualCaptureApp.MainWindow>[.ctor][IFO_000] 
        /***********************************************
                          _ooOoo_
                         o8888888o
                         88" . "88
                         (| -_- |)
                         O\  =  /O
                      ____/`---'\____
                    .'  \\|     |//  `.
                   /  \\|||  :  |||//  \
                  /  _||||| -:- |||||-  \
                  |   | \\\  -  /// |   |
                  | \_|  ''\---/''  |   |
                  \  .-\__  `-`  ___/-. /
                ___`. .'  /--.--\  `. . __
             ."" '<  `.___\_<|>_/___.'  >'"".
            | | :  `- \`.;`\ _ /`;.`/ - ` : | |
            \  \ `-.   \_ __\ /__ _/   .-` /  /
       ======`-.____`-.___\_____/___.-`____.-'======
                          `=---='
       ^^^^^^^^^^^^^^^^^^^^^^^^^^^^^^^^^^^^^^^^^^^^^
                佛祖保佑       永無BUG
       *********************************************/

2025-03-04 18:54:57.729 [10] <INFO> - <System,VisualCaptureApp.MainWindow>[.ctor][IFO_000] 
    /**************************************************************

      [       遵從自然規律，讓萬物自行發揮       ]  <-----------
                            |                                   |
                            |                                   |
      [        遵從自然規律，讓萬物自行相剋      ]              |
                            |                                   |
                            |                                   |
      [          精通萬物一切原理熟知於心        ]              |
                            |                                   |
                            |                                   |
      [          運用萬物一切原理強身健體        ]              |
                            |                                   |
                            |                                   |
      [  緣起緣滅，讓萬物一切自動運轉，自生自滅  ]              |
                            |                                   |
                            |                                   |
      [        時有時無，萬物一切可有可無        ]              |
                            |                                   |
                            |                                   |
      [             天人合一，無欲無求           ]              |
                            |                                   |
                            |                                   |
      [              萬物一切歸為無              ]              |
                            |                                   |
                            |                                   |
      [           心有所想，創建美妙世界         ] --------------

    ^^^^^^^^^^^^^^^^^^^^^^^^^^^^^^^^^^^^^^^^^^^^^^^^^^^^^^^^^^^^^^^
              如何成為長官的秘訣            劉彩萍指揮官
    ***************************************************************/
            
2025-03-04 18:54:57.742 [5] <INFO> - <System,VisualCaptureApp.MainWindow>[.ctor][IFO_000] Start...
2025-03-04 19:29:32.510 [5] <INFO> - <System,VisualCaptureApp.MainWindow>[.ctor][IFO_000] 
        /***********************************************
                          _ooOoo_
                         o8888888o
                         88" . "88
                         (| -_- |)
                         O\  =  /O
                      ____/`---'\____
                    .'  \\|     |//  `.
                   /  \\|||  :  |||//  \
                  /  _||||| -:- |||||-  \
                  |   | \\\  -  /// |   |
                  | \_|  ''\---/''  |   |
                  \  .-\__  `-`  ___/-. /
                ___`. .'  /--.--\  `. . __
             ."" '<  `.___\_<|>_/___.'  >'"".
            | | :  `- \`.;`\ _ /`;.`/ - ` : | |
            \  \ `-.   \_ __\ /__ _/   .-` /  /
       ======`-.____`-.___\_____/___.-`____.-'======
                          `=---='
       ^^^^^^^^^^^^^^^^^^^^^^^^^^^^^^^^^^^^^^^^^^^^^
                佛祖保佑       永無BUG
       *********************************************/

2025-03-04 19:29:33.899 [5] <INFO> - <System,VisualCaptureApp.MainWindow>[.ctor][IFO_000] 
    /**************************************************************

      [       遵從自然規律，讓萬物自行發揮       ]  <-----------
                            |                                   |
                            |                                   |
      [        遵從自然規律，讓萬物自行相剋      ]              |
                            |                                   |
                            |                                   |
      [          精通萬物一切原理熟知於心        ]              |
                            |                                   |
                            |                                   |
      [          運用萬物一切原理強身健體        ]              |
                            |                                   |
                            |                                   |
      [  緣起緣滅，讓萬物一切自動運轉，自生自滅  ]              |
                            |                                   |
                            |                                   |
      [        時有時無，萬物一切可有可無        ]              |
                            |                                   |
                            |                                   |
      [             天人合一，無欲無求           ]              |
                            |                                   |
                            |                                   |
      [              萬物一切歸為無              ]              |
                            |                                   |
                            |                                   |
      [           心有所想，創建美妙世界         ] --------------

    ^^^^^^^^^^^^^^^^^^^^^^^^^^^^^^^^^^^^^^^^^^^^^^^^^^^^^^^^^^^^^^^
              如何成為長官的秘訣            劉彩萍指揮官
    ***************************************************************/
            
2025-03-04 19:29:33.899 [7] <INFO> - <System,VisualCaptureApp.MainWindow>[.ctor][IFO_000] Start...
2025-03-04 19:33:09.176 [5] <INFO> - <System,VisualCaptureApp.MainWindow>[.ctor][IFO_000] 
        /***********************************************
                          _ooOoo_
                         o8888888o
                         88" . "88
                         (| -_- |)
                         O\  =  /O
                      ____/`---'\____
                    .'  \\|     |//  `.
                   /  \\|||  :  |||//  \
                  /  _||||| -:- |||||-  \
                  |   | \\\  -  /// |   |
                  | \_|  ''\---/''  |   |
                  \  .-\__  `-`  ___/-. /
                ___`. .'  /--.--\  `. . __
             ."" '<  `.___\_<|>_/___.'  >'"".
            | | :  `- \`.;`\ _ /`;.`/ - ` : | |
            \  \ `-.   \_ __\ /__ _/   .-` /  /
       ======`-.____`-.___\_____/___.-`____.-'======
                          `=---='
       ^^^^^^^^^^^^^^^^^^^^^^^^^^^^^^^^^^^^^^^^^^^^^
                佛祖保佑       永無BUG
       *********************************************/

2025-03-04 19:33:10.651 [7] <INFO> - <System,VisualCaptureApp.MainWindow>[.ctor][IFO_000] 
    /**************************************************************

      [       遵從自然規律，讓萬物自行發揮       ]  <-----------
                            |                                   |
                            |                                   |
      [        遵從自然規律，讓萬物自行相剋      ]              |
                            |                                   |
                            |                                   |
      [          精通萬物一切原理熟知於心        ]              |
                            |                                   |
                            |                                   |
      [          運用萬物一切原理強身健體        ]              |
                            |                                   |
                            |                                   |
      [  緣起緣滅，讓萬物一切自動運轉，自生自滅  ]              |
                            |                                   |
                            |                                   |
      [        時有時無，萬物一切可有可無        ]              |
                            |                                   |
                            |                                   |
      [             天人合一，無欲無求           ]              |
                            |                                   |
                            |                                   |
      [              萬物一切歸為無              ]              |
                            |                                   |
                            |                                   |
      [           心有所想，創建美妙世界         ] --------------

    ^^^^^^^^^^^^^^^^^^^^^^^^^^^^^^^^^^^^^^^^^^^^^^^^^^^^^^^^^^^^^^^
              如何成為長官的秘訣            劉彩萍指揮官
    ***************************************************************/
            
2025-03-04 19:33:10.651 [5] <INFO> - <System,VisualCaptureApp.MainWindow>[.ctor][IFO_000] Start...
2025-03-04 19:34:41.850 [5] <INFO> - <System,VisualCaptureApp.MainWindow>[.ctor][IFO_000] 
        /***********************************************
                          _ooOoo_
                         o8888888o
                         88" . "88
                         (| -_- |)
                         O\  =  /O
                      ____/`---'\____
                    .'  \\|     |//  `.
                   /  \\|||  :  |||//  \
                  /  _||||| -:- |||||-  \
                  |   | \\\  -  /// |   |
                  | \_|  ''\---/''  |   |
                  \  .-\__  `-`  ___/-. /
                ___`. .'  /--.--\  `. . __
             ."" '<  `.___\_<|>_/___.'  >'"".
            | | :  `- \`.;`\ _ /`;.`/ - ` : | |
            \  \ `-.   \_ __\ /__ _/   .-` /  /
       ======`-.____`-.___\_____/___.-`____.-'======
                          `=---='
       ^^^^^^^^^^^^^^^^^^^^^^^^^^^^^^^^^^^^^^^^^^^^^
                佛祖保佑       永無BUG
       *********************************************/

2025-03-04 19:34:43.302 [5] <INFO> - <System,VisualCaptureApp.MainWindow>[.ctor][IFO_000] 
    /**************************************************************

      [       遵從自然規律，讓萬物自行發揮       ]  <-----------
                            |                                   |
                            |                                   |
      [        遵從自然規律，讓萬物自行相剋      ]              |
                            |                                   |
                            |                                   |
      [          精通萬物一切原理熟知於心        ]              |
                            |                                   |
                            |                                   |
      [          運用萬物一切原理強身健體        ]              |
                            |                                   |
                            |                                   |
      [  緣起緣滅，讓萬物一切自動運轉，自生自滅  ]              |
                            |                                   |
                            |                                   |
      [        時有時無，萬物一切可有可無        ]              |
                            |                                   |
                            |                                   |
      [             天人合一，無欲無求           ]              |
                            |                                   |
                            |                                   |
      [              萬物一切歸為無              ]              |
                            |                                   |
                            |                                   |
      [           心有所想，創建美妙世界         ] --------------

    ^^^^^^^^^^^^^^^^^^^^^^^^^^^^^^^^^^^^^^^^^^^^^^^^^^^^^^^^^^^^^^^
              如何成為長官的秘訣            劉彩萍指揮官
    ***************************************************************/
            
2025-03-04 19:34:43.302 [7] <INFO> - <System,VisualCaptureApp.MainWindow>[.ctor][IFO_000] Start...
2025-03-04 19:38:03.828 [10] <INFO> - <System,VisualCaptureApp.MainWindow>[.ctor][IFO_000] 
        /***********************************************
                          _ooOoo_
                         o8888888o
                         88" . "88
                         (| -_- |)
                         O\  =  /O
                      ____/`---'\____
                    .'  \\|     |//  `.
                   /  \\|||  :  |||//  \
                  /  _||||| -:- |||||-  \
                  |   | \\\  -  /// |   |
                  | \_|  ''\---/''  |   |
                  \  .-\__  `-`  ___/-. /
                ___`. .'  /--.--\  `. . __
             ."" '<  `.___\_<|>_/___.'  >'"".
            | | :  `- \`.;`\ _ /`;.`/ - ` : | |
            \  \ `-.   \_ __\ /__ _/   .-` /  /
       ======`-.____`-.___\_____/___.-`____.-'======
                          `=---='
       ^^^^^^^^^^^^^^^^^^^^^^^^^^^^^^^^^^^^^^^^^^^^^
                佛祖保佑       永無BUG
       *********************************************/

2025-03-04 19:38:05.213 [5] <INFO> - <System,VisualCaptureApp.MainWindow>[.ctor][IFO_000] 
    /**************************************************************

      [       遵從自然規律，讓萬物自行發揮       ]  <-----------
                            |                                   |
                            |                                   |
      [        遵從自然規律，讓萬物自行相剋      ]              |
                            |                                   |
                            |                                   |
      [          精通萬物一切原理熟知於心        ]              |
                            |                                   |
                            |                                   |
      [          運用萬物一切原理強身健體        ]              |
                            |                                   |
                            |                                   |
      [  緣起緣滅，讓萬物一切自動運轉，自生自滅  ]              |
                            |                                   |
                            |                                   |
      [        時有時無，萬物一切可有可無        ]              |
                            |                                   |
                            |                                   |
      [             天人合一，無欲無求           ]              |
                            |                                   |
                            |                                   |
      [              萬物一切歸為無              ]              |
                            |                                   |
                            |                                   |
      [           心有所想，創建美妙世界         ] --------------

    ^^^^^^^^^^^^^^^^^^^^^^^^^^^^^^^^^^^^^^^^^^^^^^^^^^^^^^^^^^^^^^^
              如何成為長官的秘訣            劉彩萍指揮官
    ***************************************************************/
            
2025-03-04 19:38:05.213 [7] <INFO> - <System,VisualCaptureApp.MainWindow>[.ctor][IFO_000] Start...
2025-03-04 19:38:23.807 [5] <INFO> - <System,VisualCaptureApp.MainWindow>[FolderBrowserDialogWindow][IFO_000] 選擇儲存的資料夾:[D:\蔡承廷\Development\VisualCapture\VisualCaptureApp\bin\Debug\net8.0-windows\Data]
2025-03-04 19:40:06.163 [7] <INFO> - <System,VisualCaptureApp.MainWindow>[.ctor][IFO_000] 
        /***********************************************
                          _ooOoo_
                         o8888888o
                         88" . "88
                         (| -_- |)
                         O\  =  /O
                      ____/`---'\____
                    .'  \\|     |//  `.
                   /  \\|||  :  |||//  \
                  /  _||||| -:- |||||-  \
                  |   | \\\  -  /// |   |
                  | \_|  ''\---/''  |   |
                  \  .-\__  `-`  ___/-. /
                ___`. .'  /--.--\  `. . __
             ."" '<  `.___\_<|>_/___.'  >'"".
            | | :  `- \`.;`\ _ /`;.`/ - ` : | |
            \  \ `-.   \_ __\ /__ _/   .-` /  /
       ======`-.____`-.___\_____/___.-`____.-'======
                          `=---='
       ^^^^^^^^^^^^^^^^^^^^^^^^^^^^^^^^^^^^^^^^^^^^^
                佛祖保佑       永無BUG
       *********************************************/

2025-03-04 19:40:07.582 [5] <INFO> - <System,VisualCaptureApp.MainWindow>[.ctor][IFO_000] 
    /**************************************************************

      [       遵從自然規律，讓萬物自行發揮       ]  <-----------
                            |                                   |
                            |                                   |
      [        遵從自然規律，讓萬物自行相剋      ]              |
                            |                                   |
                            |                                   |
      [          精通萬物一切原理熟知於心        ]              |
                            |                                   |
                            |                                   |
      [          運用萬物一切原理強身健體        ]              |
                            |                                   |
                            |                                   |
      [  緣起緣滅，讓萬物一切自動運轉，自生自滅  ]              |
                            |                                   |
                            |                                   |
      [        時有時無，萬物一切可有可無        ]              |
                            |                                   |
                            |                                   |
      [             天人合一，無欲無求           ]              |
                            |                                   |
                            |                                   |
      [              萬物一切歸為無              ]              |
                            |                                   |
                            |                                   |
      [           心有所想，創建美妙世界         ] --------------

    ^^^^^^^^^^^^^^^^^^^^^^^^^^^^^^^^^^^^^^^^^^^^^^^^^^^^^^^^^^^^^^^
              如何成為長官的秘訣            劉彩萍指揮官
    ***************************************************************/
            
2025-03-04 19:40:07.599 [7] <INFO> - <System,VisualCaptureApp.MainWindow>[.ctor][IFO_000] Start...
2025-03-04 19:42:43.504 [18] <INFO> - <System,VisualCaptureApp.Base.BaseScreenshot>[DoScreenshotFullScreen][IFO_000] SaveScreenshot:[D:\蔡承廷\Development\VisualCapture\VisualCaptureApp\bin\Debug\net8.0-windows\Data\2025-03-04_19-40-22-879-2.jpeg]
2025-03-04 19:45:39.285 [7] <INFO> - <System,VisualCaptureApp.Base.BaseScreenshot>[DoScreenshotFullScreen][IFO_000] SaveScreenshot:[D:\蔡承廷\Development\VisualCapture\VisualCaptureApp\bin\Debug\net8.0-windows\Data\2025-03-04_19-45-20-361-AllScreens.jpeg]
2025-03-04 20:03:14.480 [10] <INFO> - <System,VisualCaptureApp.MainWindow>[.ctor][IFO_000] 
        /***********************************************
                          _ooOoo_
                         o8888888o
                         88" . "88
                         (| -_- |)
                         O\  =  /O
                      ____/`---'\____
                    .'  \\|     |//  `.
                   /  \\|||  :  |||//  \
                  /  _||||| -:- |||||-  \
                  |   | \\\  -  /// |   |
                  | \_|  ''\---/''  |   |
                  \  .-\__  `-`  ___/-. /
                ___`. .'  /--.--\  `. . __
             ."" '<  `.___\_<|>_/___.'  >'"".
            | | :  `- \`.;`\ _ /`;.`/ - ` : | |
            \  \ `-.   \_ __\ /__ _/   .-` /  /
       ======`-.____`-.___\_____/___.-`____.-'======
                          `=---='
       ^^^^^^^^^^^^^^^^^^^^^^^^^^^^^^^^^^^^^^^^^^^^^
                佛祖保佑       永無BUG
       *********************************************/

2025-03-04 20:03:16.344 [5] <INFO> - <System,VisualCaptureApp.MainWindow>[.ctor][IFO_000] 
    /**************************************************************

      [       遵從自然規律，讓萬物自行發揮       ]  <-----------
                            |                                   |
                            |                                   |
      [        遵從自然規律，讓萬物自行相剋      ]              |
                            |                                   |
                            |                                   |
      [          精通萬物一切原理熟知於心        ]              |
                            |                                   |
                            |                                   |
      [          運用萬物一切原理強身健體        ]              |
                            |                                   |
                            |                                   |
      [  緣起緣滅，讓萬物一切自動運轉，自生自滅  ]              |
                            |                                   |
                            |                                   |
      [        時有時無，萬物一切可有可無        ]              |
                            |                                   |
                            |                                   |
      [             天人合一，無欲無求           ]              |
                            |                                   |
                            |                                   |
      [              萬物一切歸為無              ]              |
                            |                                   |
                            |                                   |
      [           心有所想，創建美妙世界         ] --------------

    ^^^^^^^^^^^^^^^^^^^^^^^^^^^^^^^^^^^^^^^^^^^^^^^^^^^^^^^^^^^^^^^
              如何成為長官的秘訣            劉彩萍指揮官
    ***************************************************************/
            
2025-03-04 20:03:16.344 [7] <INFO> - <System,VisualCaptureApp.MainWindow>[.ctor][IFO_000] Start...
2025-03-04 20:05:02.787 [15] <INFO> - <System,VisualCaptureApp.Base.BaseScreenshot>[DoScreenshotFullScreen][IFO_000] SaveScreenshot:[D:\蔡承廷\Development\VisualCapture\VisualCaptureApp\bin\Debug\net8.0-windows\Data\2025-03-04_20-05-02-470-AllScreens.jpeg]
2025-03-04 20:39:49.524 [5] <INFO> - <System,VisualCaptureApp.MainWindow>[.ctor][IFO_000] 
        /***********************************************
                          _ooOoo_
                         o8888888o
                         88" . "88
                         (| -_- |)
                         O\  =  /O
                      ____/`---'\____
                    .'  \\|     |//  `.
                   /  \\|||  :  |||//  \
                  /  _||||| -:- |||||-  \
                  |   | \\\  -  /// |   |
                  | \_|  ''\---/''  |   |
                  \  .-\__  `-`  ___/-. /
                ___`. .'  /--.--\  `. . __
             ."" '<  `.___\_<|>_/___.'  >'"".
            | | :  `- \`.;`\ _ /`;.`/ - ` : | |
            \  \ `-.   \_ __\ /__ _/   .-` /  /
       ======`-.____`-.___\_____/___.-`____.-'======
                          `=---='
       ^^^^^^^^^^^^^^^^^^^^^^^^^^^^^^^^^^^^^^^^^^^^^
                佛祖保佑       永無BUG
       *********************************************/

2025-03-04 20:39:50.884 [7] <INFO> - <System,VisualCaptureApp.MainWindow>[.ctor][IFO_000] 
    /**************************************************************

      [       遵從自然規律，讓萬物自行發揮       ]  <-----------
                            |                                   |
                            |                                   |
      [        遵從自然規律，讓萬物自行相剋      ]              |
                            |                                   |
                            |                                   |
      [          精通萬物一切原理熟知於心        ]              |
                            |                                   |
                            |                                   |
      [          運用萬物一切原理強身健體        ]              |
                            |                                   |
                            |                                   |
      [  緣起緣滅，讓萬物一切自動運轉，自生自滅  ]              |
                            |                                   |
                            |                                   |
      [        時有時無，萬物一切可有可無        ]              |
                            |                                   |
                            |                                   |
      [             天人合一，無欲無求           ]              |
                            |                                   |
                            |                                   |
      [              萬物一切歸為無              ]              |
                            |                                   |
                            |                                   |
      [           心有所想，創建美妙世界         ] --------------

    ^^^^^^^^^^^^^^^^^^^^^^^^^^^^^^^^^^^^^^^^^^^^^^^^^^^^^^^^^^^^^^^
              如何成為長官的秘訣            劉彩萍指揮官
    ***************************************************************/
            
2025-03-04 20:39:50.895 [5] <INFO> - <System,VisualCaptureApp.MainWindow>[.ctor][IFO_000] Start...
2025-03-04 20:44:10.515 [7] <INFO> - <System,VisualCaptureApp.MainWindow>[.ctor][IFO_000] 
        /***********************************************
                          _ooOoo_
                         o8888888o
                         88" . "88
                         (| -_- |)
                         O\  =  /O
                      ____/`---'\____
                    .'  \\|     |//  `.
                   /  \\|||  :  |||//  \
                  /  _||||| -:- |||||-  \
                  |   | \\\  -  /// |   |
                  | \_|  ''\---/''  |   |
                  \  .-\__  `-`  ___/-. /
                ___`. .'  /--.--\  `. . __
             ."" '<  `.___\_<|>_/___.'  >'"".
            | | :  `- \`.;`\ _ /`;.`/ - ` : | |
            \  \ `-.   \_ __\ /__ _/   .-` /  /
       ======`-.____`-.___\_____/___.-`____.-'======
                          `=---='
       ^^^^^^^^^^^^^^^^^^^^^^^^^^^^^^^^^^^^^^^^^^^^^
                佛祖保佑       永無BUG
       *********************************************/

2025-03-04 20:44:16.045 [5] <INFO> - <System,VisualCaptureApp.MainWindow>[.ctor][IFO_000] 
    /**************************************************************

      [       遵從自然規律，讓萬物自行發揮       ]  <-----------
                            |                                   |
                            |                                   |
      [        遵從自然規律，讓萬物自行相剋      ]              |
                            |                                   |
                            |                                   |
      [          精通萬物一切原理熟知於心        ]              |
                            |                                   |
                            |                                   |
      [          運用萬物一切原理強身健體        ]              |
                            |                                   |
                            |                                   |
      [  緣起緣滅，讓萬物一切自動運轉，自生自滅  ]              |
                            |                                   |
                            |                                   |
      [        時有時無，萬物一切可有可無        ]              |
                            |                                   |
                            |                                   |
      [             天人合一，無欲無求           ]              |
                            |                                   |
                            |                                   |
      [              萬物一切歸為無              ]              |
                            |                                   |
                            |                                   |
      [           心有所想，創建美妙世界         ] --------------

    ^^^^^^^^^^^^^^^^^^^^^^^^^^^^^^^^^^^^^^^^^^^^^^^^^^^^^^^^^^^^^^^
              如何成為長官的秘訣            劉彩萍指揮官
    ***************************************************************/
            
2025-03-04 20:44:16.056 [7] <INFO> - <System,VisualCaptureApp.MainWindow>[.ctor][IFO_000] Start...
2025-03-04 20:49:53.855 [5] <INFO> - <System,VisualCaptureApp.MainWindow>[.ctor][IFO_000] 
        /***********************************************
                          _ooOoo_
                         o8888888o
                         88" . "88
                         (| -_- |)
                         O\  =  /O
                      ____/`---'\____
                    .'  \\|     |//  `.
                   /  \\|||  :  |||//  \
                  /  _||||| -:- |||||-  \
                  |   | \\\  -  /// |   |
                  | \_|  ''\---/''  |   |
                  \  .-\__  `-`  ___/-. /
                ___`. .'  /--.--\  `. . __
             ."" '<  `.___\_<|>_/___.'  >'"".
            | | :  `- \`.;`\ _ /`;.`/ - ` : | |
            \  \ `-.   \_ __\ /__ _/   .-` /  /
       ======`-.____`-.___\_____/___.-`____.-'======
                          `=---='
       ^^^^^^^^^^^^^^^^^^^^^^^^^^^^^^^^^^^^^^^^^^^^^
                佛祖保佑       永無BUG
       *********************************************/

2025-03-04 20:51:33.990 [10] <INFO> - <System,VisualCaptureApp.MainWindow>[.ctor][IFO_000] 
    /**************************************************************

      [       遵從自然規律，讓萬物自行發揮       ]  <-----------
                            |                                   |
                            |                                   |
      [        遵從自然規律，讓萬物自行相剋      ]              |
                            |                                   |
                            |                                   |
      [          精通萬物一切原理熟知於心        ]              |
                            |                                   |
                            |                                   |
      [          運用萬物一切原理強身健體        ]              |
                            |                                   |
                            |                                   |
      [  緣起緣滅，讓萬物一切自動運轉，自生自滅  ]              |
                            |                                   |
                            |                                   |
      [        時有時無，萬物一切可有可無        ]              |
                            |                                   |
                            |                                   |
      [             天人合一，無欲無求           ]              |
                            |                                   |
                            |                                   |
      [              萬物一切歸為無              ]              |
                            |                                   |
                            |                                   |
      [           心有所想，創建美妙世界         ] --------------

    ^^^^^^^^^^^^^^^^^^^^^^^^^^^^^^^^^^^^^^^^^^^^^^^^^^^^^^^^^^^^^^^
              如何成為長官的秘訣            劉彩萍指揮官
    ***************************************************************/
            
2025-03-04 20:51:33.990 [5] <INFO> - <System,VisualCaptureApp.MainWindow>[.ctor][IFO_000] Start...
