2025-03-05 17:39:56.929 [5] <INFO> - <System,VisualCaptureApp.MainWindow>[.ctor][IFO_000] 
        /***********************************************
                          _ooOoo_
                         o8888888o
                         88" . "88
                         (| -_- |)
                         O\  =  /O
                      ____/`---'\____
                    .'  \\|     |//  `.
                   /  \\|||  :  |||//  \
                  /  _||||| -:- |||||-  \
                  |   | \\\  -  /// |   |
                  | \_|  ''\---/''  |   |
                  \  .-\__  `-`  ___/-. /
                ___`. .'  /--.--\  `. . __
             ."" '<  `.___\_<|>_/___.'  >'"".
            | | :  `- \`.;`\ _ /`;.`/ - ` : | |
            \  \ `-.   \_ __\ /__ _/   .-` /  /
       ======`-.____`-.___\_____/___.-`____.-'======
                          `=---='
       ^^^^^^^^^^^^^^^^^^^^^^^^^^^^^^^^^^^^^^^^^^^^^
                佛祖保佑       永無BUG
       *********************************************/

2025-03-05 17:39:58.307 [5] <INFO> - <System,VisualCaptureApp.MainWindow>[.ctor][IFO_000] 
    /**************************************************************

      [       遵從自然規律，讓萬物自行發揮       ]  <-----------
                            |                                   |
                            |                                   |
      [        遵從自然規律，讓萬物自行相剋      ]              |
                            |                                   |
                            |                                   |
      [          精通萬物一切原理熟知於心        ]              |
                            |                                   |
                            |                                   |
      [          運用萬物一切原理強身健體        ]              |
                            |                                   |
                            |                                   |
      [  緣起緣滅，讓萬物一切自動運轉，自生自滅  ]              |
                            |                                   |
                            |                                   |
      [        時有時無，萬物一切可有可無        ]              |
                            |                                   |
                            |                                   |
      [             天人合一，無欲無求           ]              |
                            |                                   |
                            |                                   |
      [              萬物一切歸為無              ]              |
                            |                                   |
                            |                                   |
      [           心有所想，創建美妙世界         ] --------------

    ^^^^^^^^^^^^^^^^^^^^^^^^^^^^^^^^^^^^^^^^^^^^^^^^^^^^^^^^^^^^^^^
              如何成為長官的秘訣            劉彩萍指揮官
    ***************************************************************/
            
2025-03-05 17:39:58.327 [7] <INFO> - <System,VisualCaptureApp.MainWindow>[.ctor][IFO_000] Start...
2025-03-05 17:45:49.641 [5] <INFO> - <System,VisualCaptureApp.MainWindow>[.ctor][IFO_000] 
        /***********************************************
                          _ooOoo_
                         o8888888o
                         88" . "88
                         (| -_- |)
                         O\  =  /O
                      ____/`---'\____
                    .'  \\|     |//  `.
                   /  \\|||  :  |||//  \
                  /  _||||| -:- |||||-  \
                  |   | \\\  -  /// |   |
                  | \_|  ''\---/''  |   |
                  \  .-\__  `-`  ___/-. /
                ___`. .'  /--.--\  `. . __
             ."" '<  `.___\_<|>_/___.'  >'"".
            | | :  `- \`.;`\ _ /`;.`/ - ` : | |
            \  \ `-.   \_ __\ /__ _/   .-` /  /
       ======`-.____`-.___\_____/___.-`____.-'======
                          `=---='
       ^^^^^^^^^^^^^^^^^^^^^^^^^^^^^^^^^^^^^^^^^^^^^
                佛祖保佑       永無BUG
       *********************************************/

2025-03-05 17:45:50.957 [5] <INFO> - <System,VisualCaptureApp.MainWindow>[.ctor][IFO_000] 
    /**************************************************************

      [       遵從自然規律，讓萬物自行發揮       ]  <-----------
                            |                                   |
                            |                                   |
      [        遵從自然規律，讓萬物自行相剋      ]              |
                            |                                   |
                            |                                   |
      [          精通萬物一切原理熟知於心        ]              |
                            |                                   |
                            |                                   |
      [          運用萬物一切原理強身健體        ]              |
                            |                                   |
                            |                                   |
      [  緣起緣滅，讓萬物一切自動運轉，自生自滅  ]              |
                            |                                   |
                            |                                   |
      [        時有時無，萬物一切可有可無        ]              |
                            |                                   |
                            |                                   |
      [             天人合一，無欲無求           ]              |
                            |                                   |
                            |                                   |
      [              萬物一切歸為無              ]              |
                            |                                   |
                            |                                   |
      [           心有所想，創建美妙世界         ] --------------

    ^^^^^^^^^^^^^^^^^^^^^^^^^^^^^^^^^^^^^^^^^^^^^^^^^^^^^^^^^^^^^^^
              如何成為長官的秘訣            劉彩萍指揮官
    ***************************************************************/
            
2025-03-05 17:45:50.957 [5] <INFO> - <System,VisualCaptureApp.MainWindow>[.ctor][IFO_000] Start...
2025-03-05 17:52:11.693 [7] <INFO> - <System,VisualCaptureApp.MainWindow>[.ctor][IFO_000] 
        /***********************************************
                          _ooOoo_
                         o8888888o
                         88" . "88
                         (| -_- |)
                         O\  =  /O
                      ____/`---'\____
                    .'  \\|     |//  `.
                   /  \\|||  :  |||//  \
                  /  _||||| -:- |||||-  \
                  |   | \\\  -  /// |   |
                  | \_|  ''\---/''  |   |
                  \  .-\__  `-`  ___/-. /
                ___`. .'  /--.--\  `. . __
             ."" '<  `.___\_<|>_/___.'  >'"".
            | | :  `- \`.;`\ _ /`;.`/ - ` : | |
            \  \ `-.   \_ __\ /__ _/   .-` /  /
       ======`-.____`-.___\_____/___.-`____.-'======
                          `=---='
       ^^^^^^^^^^^^^^^^^^^^^^^^^^^^^^^^^^^^^^^^^^^^^
                佛祖保佑       永無BUG
       *********************************************/

2025-03-05 17:52:13.251 [7] <INFO> - <System,VisualCaptureApp.MainWindow>[.ctor][IFO_000] 
    /**************************************************************

      [       遵從自然規律，讓萬物自行發揮       ]  <-----------
                            |                                   |
                            |                                   |
      [        遵從自然規律，讓萬物自行相剋      ]              |
                            |                                   |
                            |                                   |
      [          精通萬物一切原理熟知於心        ]              |
                            |                                   |
                            |                                   |
      [          運用萬物一切原理強身健體        ]              |
                            |                                   |
                            |                                   |
      [  緣起緣滅，讓萬物一切自動運轉，自生自滅  ]              |
                            |                                   |
                            |                                   |
      [        時有時無，萬物一切可有可無        ]              |
                            |                                   |
                            |                                   |
      [             天人合一，無欲無求           ]              |
                            |                                   |
                            |                                   |
      [              萬物一切歸為無              ]              |
                            |                                   |
                            |                                   |
      [           心有所想，創建美妙世界         ] --------------

    ^^^^^^^^^^^^^^^^^^^^^^^^^^^^^^^^^^^^^^^^^^^^^^^^^^^^^^^^^^^^^^^
              如何成為長官的秘訣            劉彩萍指揮官
    ***************************************************************/
            
2025-03-05 17:52:13.268 [5] <INFO> - <System,VisualCaptureApp.MainWindow>[.ctor][IFO_000] Start...
2025-03-05 17:52:27.002 [10] <INFO> - <System,VisualCaptureApp.MainWindow>[FolderBrowserDialogWindow][IFO_000] 選擇儲存的資料夾:[D:\蔡承廷\Development\VisualCapture\VisualCaptureApp\bin\Debug\net8.0-windows\Data]
2025-03-05 17:55:45.235 [5] <INFO> - <System,VisualCaptureApp.MainWindow>[.ctor][IFO_000] 
        /***********************************************
                          _ooOoo_
                         o8888888o
                         88" . "88
                         (| -_- |)
                         O\  =  /O
                      ____/`---'\____
                    .'  \\|     |//  `.
                   /  \\|||  :  |||//  \
                  /  _||||| -:- |||||-  \
                  |   | \\\  -  /// |   |
                  | \_|  ''\---/''  |   |
                  \  .-\__  `-`  ___/-. /
                ___`. .'  /--.--\  `. . __
             ."" '<  `.___\_<|>_/___.'  >'"".
            | | :  `- \`.;`\ _ /`;.`/ - ` : | |
            \  \ `-.   \_ __\ /__ _/   .-` /  /
       ======`-.____`-.___\_____/___.-`____.-'======
                          `=---='
       ^^^^^^^^^^^^^^^^^^^^^^^^^^^^^^^^^^^^^^^^^^^^^
                佛祖保佑       永無BUG
       *********************************************/

2025-03-05 17:55:46.621 [5] <INFO> - <System,VisualCaptureApp.MainWindow>[.ctor][IFO_000] 
    /**************************************************************

      [       遵從自然規律，讓萬物自行發揮       ]  <-----------
                            |                                   |
                            |                                   |
      [        遵從自然規律，讓萬物自行相剋      ]              |
                            |                                   |
                            |                                   |
      [          精通萬物一切原理熟知於心        ]              |
                            |                                   |
                            |                                   |
      [          運用萬物一切原理強身健體        ]              |
                            |                                   |
                            |                                   |
      [  緣起緣滅，讓萬物一切自動運轉，自生自滅  ]              |
                            |                                   |
                            |                                   |
      [        時有時無，萬物一切可有可無        ]              |
                            |                                   |
                            |                                   |
      [             天人合一，無欲無求           ]              |
                            |                                   |
                            |                                   |
      [              萬物一切歸為無              ]              |
                            |                                   |
                            |                                   |
      [           心有所想，創建美妙世界         ] --------------

    ^^^^^^^^^^^^^^^^^^^^^^^^^^^^^^^^^^^^^^^^^^^^^^^^^^^^^^^^^^^^^^^
              如何成為長官的秘訣            劉彩萍指揮官
    ***************************************************************/
            
2025-03-05 17:55:46.645 [7] <INFO> - <System,VisualCaptureApp.MainWindow>[.ctor][IFO_000] Start...
2025-03-05 18:01:24.697 [5] <INFO> - <System,VisualCaptureApp.MainWindow>[.ctor][IFO_000] 
        /***********************************************
                          _ooOoo_
                         o8888888o
                         88" . "88
                         (| -_- |)
                         O\  =  /O
                      ____/`---'\____
                    .'  \\|     |//  `.
                   /  \\|||  :  |||//  \
                  /  _||||| -:- |||||-  \
                  |   | \\\  -  /// |   |
                  | \_|  ''\---/''  |   |
                  \  .-\__  `-`  ___/-. /
                ___`. .'  /--.--\  `. . __
             ."" '<  `.___\_<|>_/___.'  >'"".
            | | :  `- \`.;`\ _ /`;.`/ - ` : | |
            \  \ `-.   \_ __\ /__ _/   .-` /  /
       ======`-.____`-.___\_____/___.-`____.-'======
                          `=---='
       ^^^^^^^^^^^^^^^^^^^^^^^^^^^^^^^^^^^^^^^^^^^^^
                佛祖保佑       永無BUG
       *********************************************/

2025-03-05 18:01:25.954 [5] <INFO> - <System,VisualCaptureApp.MainWindow>[.ctor][IFO_000] 
    /**************************************************************

      [       遵從自然規律，讓萬物自行發揮       ]  <-----------
                            |                                   |
                            |                                   |
      [        遵從自然規律，讓萬物自行相剋      ]              |
                            |                                   |
                            |                                   |
      [          精通萬物一切原理熟知於心        ]              |
                            |                                   |
                            |                                   |
      [          運用萬物一切原理強身健體        ]              |
                            |                                   |
                            |                                   |
      [  緣起緣滅，讓萬物一切自動運轉，自生自滅  ]              |
                            |                                   |
                            |                                   |
      [        時有時無，萬物一切可有可無        ]              |
                            |                                   |
                            |                                   |
      [             天人合一，無欲無求           ]              |
                            |                                   |
                            |                                   |
      [              萬物一切歸為無              ]              |
                            |                                   |
                            |                                   |
      [           心有所想，創建美妙世界         ] --------------

    ^^^^^^^^^^^^^^^^^^^^^^^^^^^^^^^^^^^^^^^^^^^^^^^^^^^^^^^^^^^^^^^
              如何成為長官的秘訣            劉彩萍指揮官
    ***************************************************************/
            
2025-03-05 18:01:25.954 [5] <INFO> - <System,VisualCaptureApp.MainWindow>[.ctor][IFO_000] Start...
2025-03-05 18:04:52.466 [5] <INFO> - <System,VisualCaptureApp.MainWindow>[.ctor][IFO_000] 
        /***********************************************
                          _ooOoo_
                         o8888888o
                         88" . "88
                         (| -_- |)
                         O\  =  /O
                      ____/`---'\____
                    .'  \\|     |//  `.
                   /  \\|||  :  |||//  \
                  /  _||||| -:- |||||-  \
                  |   | \\\  -  /// |   |
                  | \_|  ''\---/''  |   |
                  \  .-\__  `-`  ___/-. /
                ___`. .'  /--.--\  `. . __
             ."" '<  `.___\_<|>_/___.'  >'"".
            | | :  `- \`.;`\ _ /`;.`/ - ` : | |
            \  \ `-.   \_ __\ /__ _/   .-` /  /
       ======`-.____`-.___\_____/___.-`____.-'======
                          `=---='
       ^^^^^^^^^^^^^^^^^^^^^^^^^^^^^^^^^^^^^^^^^^^^^
                佛祖保佑       永無BUG
       *********************************************/

2025-03-05 18:04:53.828 [5] <INFO> - <System,VisualCaptureApp.MainWindow>[.ctor][IFO_000] 
    /**************************************************************

      [       遵從自然規律，讓萬物自行發揮       ]  <-----------
                            |                                   |
                            |                                   |
      [        遵從自然規律，讓萬物自行相剋      ]              |
                            |                                   |
                            |                                   |
      [          精通萬物一切原理熟知於心        ]              |
                            |                                   |
                            |                                   |
      [          運用萬物一切原理強身健體        ]              |
                            |                                   |
                            |                                   |
      [  緣起緣滅，讓萬物一切自動運轉，自生自滅  ]              |
                            |                                   |
                            |                                   |
      [        時有時無，萬物一切可有可無        ]              |
                            |                                   |
                            |                                   |
      [             天人合一，無欲無求           ]              |
                            |                                   |
                            |                                   |
      [              萬物一切歸為無              ]              |
                            |                                   |
                            |                                   |
      [           心有所想，創建美妙世界         ] --------------

    ^^^^^^^^^^^^^^^^^^^^^^^^^^^^^^^^^^^^^^^^^^^^^^^^^^^^^^^^^^^^^^^
              如何成為長官的秘訣            劉彩萍指揮官
    ***************************************************************/
            
2025-03-05 18:04:53.845 [7] <INFO> - <System,VisualCaptureApp.MainWindow>[.ctor][IFO_000] Start...
2025-03-05 18:08:49.154 [7] <INFO> - <System,VisualCaptureApp.MainWindow>[.ctor][IFO_000] 
        /***********************************************
                          _ooOoo_
                         o8888888o
                         88" . "88
                         (| -_- |)
                         O\  =  /O
                      ____/`---'\____
                    .'  \\|     |//  `.
                   /  \\|||  :  |||//  \
                  /  _||||| -:- |||||-  \
                  |   | \\\  -  /// |   |
                  | \_|  ''\---/''  |   |
                  \  .-\__  `-`  ___/-. /
                ___`. .'  /--.--\  `. . __
             ."" '<  `.___\_<|>_/___.'  >'"".
            | | :  `- \`.;`\ _ /`;.`/ - ` : | |
            \  \ `-.   \_ __\ /__ _/   .-` /  /
       ======`-.____`-.___\_____/___.-`____.-'======
                          `=---='
       ^^^^^^^^^^^^^^^^^^^^^^^^^^^^^^^^^^^^^^^^^^^^^
                佛祖保佑       永無BUG
       *********************************************/

2025-03-05 18:08:50.439 [5] <INFO> - <System,VisualCaptureApp.MainWindow>[.ctor][IFO_000] 
    /**************************************************************

      [       遵從自然規律，讓萬物自行發揮       ]  <-----------
                            |                                   |
                            |                                   |
      [        遵從自然規律，讓萬物自行相剋      ]              |
                            |                                   |
                            |                                   |
      [          精通萬物一切原理熟知於心        ]              |
                            |                                   |
                            |                                   |
      [          運用萬物一切原理強身健體        ]              |
                            |                                   |
                            |                                   |
      [  緣起緣滅，讓萬物一切自動運轉，自生自滅  ]              |
                            |                                   |
                            |                                   |
      [        時有時無，萬物一切可有可無        ]              |
                            |                                   |
                            |                                   |
      [             天人合一，無欲無求           ]              |
                            |                                   |
                            |                                   |
      [              萬物一切歸為無              ]              |
                            |                                   |
                            |                                   |
      [           心有所想，創建美妙世界         ] --------------

    ^^^^^^^^^^^^^^^^^^^^^^^^^^^^^^^^^^^^^^^^^^^^^^^^^^^^^^^^^^^^^^^
              如何成為長官的秘訣            劉彩萍指揮官
    ***************************************************************/
            
2025-03-05 18:08:50.439 [7] <INFO> - <System,VisualCaptureApp.MainWindow>[.ctor][IFO_000] Start...
2025-03-05 18:09:18.948 [9] <INFO> - <System,VisualCaptureApp.MainWindow>[.ctor][IFO_000] 
        /***********************************************
                          _ooOoo_
                         o8888888o
                         88" . "88
                         (| -_- |)
                         O\  =  /O
                      ____/`---'\____
                    .'  \\|     |//  `.
                   /  \\|||  :  |||//  \
                  /  _||||| -:- |||||-  \
                  |   | \\\  -  /// |   |
                  | \_|  ''\---/''  |   |
                  \  .-\__  `-`  ___/-. /
                ___`. .'  /--.--\  `. . __
             ."" '<  `.___\_<|>_/___.'  >'"".
            | | :  `- \`.;`\ _ /`;.`/ - ` : | |
            \  \ `-.   \_ __\ /__ _/   .-` /  /
       ======`-.____`-.___\_____/___.-`____.-'======
                          `=---='
       ^^^^^^^^^^^^^^^^^^^^^^^^^^^^^^^^^^^^^^^^^^^^^
                佛祖保佑       永無BUG
       *********************************************/

2025-03-05 18:09:20.210 [5] <INFO> - <System,VisualCaptureApp.MainWindow>[.ctor][IFO_000] 
    /**************************************************************

      [       遵從自然規律，讓萬物自行發揮       ]  <-----------
                            |                                   |
                            |                                   |
      [        遵從自然規律，讓萬物自行相剋      ]              |
                            |                                   |
                            |                                   |
      [          精通萬物一切原理熟知於心        ]              |
                            |                                   |
                            |                                   |
      [          運用萬物一切原理強身健體        ]              |
                            |                                   |
                            |                                   |
      [  緣起緣滅，讓萬物一切自動運轉，自生自滅  ]              |
                            |                                   |
                            |                                   |
      [        時有時無，萬物一切可有可無        ]              |
                            |                                   |
                            |                                   |
      [             天人合一，無欲無求           ]              |
                            |                                   |
                            |                                   |
      [              萬物一切歸為無              ]              |
                            |                                   |
                            |                                   |
      [           心有所想，創建美妙世界         ] --------------

    ^^^^^^^^^^^^^^^^^^^^^^^^^^^^^^^^^^^^^^^^^^^^^^^^^^^^^^^^^^^^^^^
              如何成為長官的秘訣            劉彩萍指揮官
    ***************************************************************/
            
2025-03-05 18:09:20.210 [7] <INFO> - <System,VisualCaptureApp.MainWindow>[.ctor][IFO_000] Start...
2025-03-05 18:11:05.843 [5] <INFO> - <System,VisualCaptureApp.MainWindow>[.ctor][IFO_000] 
        /***********************************************
                          _ooOoo_
                         o8888888o
                         88" . "88
                         (| -_- |)
                         O\  =  /O
                      ____/`---'\____
                    .'  \\|     |//  `.
                   /  \\|||  :  |||//  \
                  /  _||||| -:- |||||-  \
                  |   | \\\  -  /// |   |
                  | \_|  ''\---/''  |   |
                  \  .-\__  `-`  ___/-. /
                ___`. .'  /--.--\  `. . __
             ."" '<  `.___\_<|>_/___.'  >'"".
            | | :  `- \`.;`\ _ /`;.`/ - ` : | |
            \  \ `-.   \_ __\ /__ _/   .-` /  /
       ======`-.____`-.___\_____/___.-`____.-'======
                          `=---='
       ^^^^^^^^^^^^^^^^^^^^^^^^^^^^^^^^^^^^^^^^^^^^^
                佛祖保佑       永無BUG
       *********************************************/

2025-03-05 18:11:07.191 [5] <INFO> - <System,VisualCaptureApp.MainWindow>[.ctor][IFO_000] 
    /**************************************************************

      [       遵從自然規律，讓萬物自行發揮       ]  <-----------
                            |                                   |
                            |                                   |
      [        遵從自然規律，讓萬物自行相剋      ]              |
                            |                                   |
                            |                                   |
      [          精通萬物一切原理熟知於心        ]              |
                            |                                   |
                            |                                   |
      [          運用萬物一切原理強身健體        ]              |
                            |                                   |
                            |                                   |
      [  緣起緣滅，讓萬物一切自動運轉，自生自滅  ]              |
                            |                                   |
                            |                                   |
      [        時有時無，萬物一切可有可無        ]              |
                            |                                   |
                            |                                   |
      [             天人合一，無欲無求           ]              |
                            |                                   |
                            |                                   |
      [              萬物一切歸為無              ]              |
                            |                                   |
                            |                                   |
      [           心有所想，創建美妙世界         ] --------------

    ^^^^^^^^^^^^^^^^^^^^^^^^^^^^^^^^^^^^^^^^^^^^^^^^^^^^^^^^^^^^^^^
              如何成為長官的秘訣            劉彩萍指揮官
    ***************************************************************/
            
2025-03-05 18:11:07.191 [7] <INFO> - <System,VisualCaptureApp.MainWindow>[.ctor][IFO_000] Start...
2025-03-05 18:18:49.527 [5] <INFO> - <System,VisualCaptureApp.MainWindow>[.ctor][IFO_000] 
        /***********************************************
                          _ooOoo_
                         o8888888o
                         88" . "88
                         (| -_- |)
                         O\  =  /O
                      ____/`---'\____
                    .'  \\|     |//  `.
                   /  \\|||  :  |||//  \
                  /  _||||| -:- |||||-  \
                  |   | \\\  -  /// |   |
                  | \_|  ''\---/''  |   |
                  \  .-\__  `-`  ___/-. /
                ___`. .'  /--.--\  `. . __
             ."" '<  `.___\_<|>_/___.'  >'"".
            | | :  `- \`.;`\ _ /`;.`/ - ` : | |
            \  \ `-.   \_ __\ /__ _/   .-` /  /
       ======`-.____`-.___\_____/___.-`____.-'======
                          `=---='
       ^^^^^^^^^^^^^^^^^^^^^^^^^^^^^^^^^^^^^^^^^^^^^
                佛祖保佑       永無BUG
       *********************************************/

2025-03-05 18:18:50.865 [5] <INFO> - <System,VisualCaptureApp.MainWindow>[.ctor][IFO_000] 
    /**************************************************************

      [       遵從自然規律，讓萬物自行發揮       ]  <-----------
                            |                                   |
                            |                                   |
      [        遵從自然規律，讓萬物自行相剋      ]              |
                            |                                   |
                            |                                   |
      [          精通萬物一切原理熟知於心        ]              |
                            |                                   |
                            |                                   |
      [          運用萬物一切原理強身健體        ]              |
                            |                                   |
                            |                                   |
      [  緣起緣滅，讓萬物一切自動運轉，自生自滅  ]              |
                            |                                   |
                            |                                   |
      [        時有時無，萬物一切可有可無        ]              |
                            |                                   |
                            |                                   |
      [             天人合一，無欲無求           ]              |
                            |                                   |
                            |                                   |
      [              萬物一切歸為無              ]              |
                            |                                   |
                            |                                   |
      [           心有所想，創建美妙世界         ] --------------

    ^^^^^^^^^^^^^^^^^^^^^^^^^^^^^^^^^^^^^^^^^^^^^^^^^^^^^^^^^^^^^^^
              如何成為長官的秘訣            劉彩萍指揮官
    ***************************************************************/
            
2025-03-05 18:18:50.873 [7] <INFO> - <System,VisualCaptureApp.MainWindow>[.ctor][IFO_000] Start...
2025-03-05 18:27:58.038 [9] <INFO> - <System,VisualCaptureApp.MainWindow>[FolderBrowserDialogWindow][IFO_000] 選擇儲存的資料夾:[D:\蔡承廷\Development\VisualCapture\VisualCaptureApp\bin\Debug\net8.0-windows\Data]
2025-03-05 18:42:25.149 [3] <INFO> - <System,VisualCaptureApp.MainWindow>[FolderBrowserDialogWindow][IFO_000] 選擇儲存的資料夾:[D:\蔡承廷\Development\VisualCapture\VisualCaptureApp\bin\Debug\net8.0-windows\Data]
2025-03-05 18:48:41.250 [9] <INFO> - <System,VisualCaptureApp.MainWindow>[.ctor][IFO_000] 
        /***********************************************
                          _ooOoo_
                         o8888888o
                         88" . "88
                         (| -_- |)
                         O\  =  /O
                      ____/`---'\____
                    .'  \\|     |//  `.
                   /  \\|||  :  |||//  \
                  /  _||||| -:- |||||-  \
                  |   | \\\  -  /// |   |
                  | \_|  ''\---/''  |   |
                  \  .-\__  `-`  ___/-. /
                ___`. .'  /--.--\  `. . __
             ."" '<  `.___\_<|>_/___.'  >'"".
            | | :  `- \`.;`\ _ /`;.`/ - ` : | |
            \  \ `-.   \_ __\ /__ _/   .-` /  /
       ======`-.____`-.___\_____/___.-`____.-'======
                          `=---='
       ^^^^^^^^^^^^^^^^^^^^^^^^^^^^^^^^^^^^^^^^^^^^^
                佛祖保佑       永無BUG
       *********************************************/

2025-03-05 18:48:42.608 [5] <INFO> - <System,VisualCaptureApp.MainWindow>[.ctor][IFO_000] 
    /**************************************************************

      [       遵從自然規律，讓萬物自行發揮       ]  <-----------
                            |                                   |
                            |                                   |
      [        遵從自然規律，讓萬物自行相剋      ]              |
                            |                                   |
                            |                                   |
      [          精通萬物一切原理熟知於心        ]              |
                            |                                   |
                            |                                   |
      [          運用萬物一切原理強身健體        ]              |
                            |                                   |
                            |                                   |
      [  緣起緣滅，讓萬物一切自動運轉，自生自滅  ]              |
                            |                                   |
                            |                                   |
      [        時有時無，萬物一切可有可無        ]              |
                            |                                   |
                            |                                   |
      [             天人合一，無欲無求           ]              |
                            |                                   |
                            |                                   |
      [              萬物一切歸為無              ]              |
                            |                                   |
                            |                                   |
      [           心有所想，創建美妙世界         ] --------------

    ^^^^^^^^^^^^^^^^^^^^^^^^^^^^^^^^^^^^^^^^^^^^^^^^^^^^^^^^^^^^^^^
              如何成為長官的秘訣            劉彩萍指揮官
    ***************************************************************/
            
2025-03-05 18:48:42.621 [7] <INFO> - <System,VisualCaptureApp.MainWindow>[.ctor][IFO_000] Start...
2025-03-05 18:48:50.350 [10] <INFO> - <System,VisualCaptureApp.MainWindow>[FolderOpenWindow][IFO_000] 開啟儲存的資料夾:[D:\蔡承廷\Development\VisualCapture\VisualCaptureApp\bin\Debug\net8.0-windows\Data]
2025-03-05 18:49:30.807 [9] <INFO> - <System,VisualCaptureApp.Base.BaseScreenshot>[DoScreenshotFullScreen][IFO_000] SaveScreenshot:[D:\蔡承廷\Development\VisualCapture\VisualCaptureApp\bin\Debug\net8.0-windows\Data\2025-03-05_18-49-29-580-AllScreens.jpeg]
2025-03-05 19:17:50.488 [9] <INFO> - <System,VisualCaptureApp.MainWindow>[.ctor][IFO_000] 
        /***********************************************
                          _ooOoo_
                         o8888888o
                         88" . "88
                         (| -_- |)
                         O\  =  /O
                      ____/`---'\____
                    .'  \\|     |//  `.
                   /  \\|||  :  |||//  \
                  /  _||||| -:- |||||-  \
                  |   | \\\  -  /// |   |
                  | \_|  ''\---/''  |   |
                  \  .-\__  `-`  ___/-. /
                ___`. .'  /--.--\  `. . __
             ."" '<  `.___\_<|>_/___.'  >'"".
            | | :  `- \`.;`\ _ /`;.`/ - ` : | |
            \  \ `-.   \_ __\ /__ _/   .-` /  /
       ======`-.____`-.___\_____/___.-`____.-'======
                          `=---='
       ^^^^^^^^^^^^^^^^^^^^^^^^^^^^^^^^^^^^^^^^^^^^^
                佛祖保佑       永無BUG
       *********************************************/

2025-03-05 19:17:52.023 [5] <INFO> - <System,VisualCaptureApp.MainWindow>[.ctor][IFO_000] 
    /**************************************************************

      [       遵從自然規律，讓萬物自行發揮       ]  <-----------
                            |                                   |
                            |                                   |
      [        遵從自然規律，讓萬物自行相剋      ]              |
                            |                                   |
                            |                                   |
      [          精通萬物一切原理熟知於心        ]              |
                            |                                   |
                            |                                   |
      [          運用萬物一切原理強身健體        ]              |
                            |                                   |
                            |                                   |
      [  緣起緣滅，讓萬物一切自動運轉，自生自滅  ]              |
                            |                                   |
                            |                                   |
      [        時有時無，萬物一切可有可無        ]              |
                            |                                   |
                            |                                   |
      [             天人合一，無欲無求           ]              |
                            |                                   |
                            |                                   |
      [              萬物一切歸為無              ]              |
                            |                                   |
                            |                                   |
      [           心有所想，創建美妙世界         ] --------------

    ^^^^^^^^^^^^^^^^^^^^^^^^^^^^^^^^^^^^^^^^^^^^^^^^^^^^^^^^^^^^^^^
              如何成為長官的秘訣            劉彩萍指揮官
    ***************************************************************/
            
2025-03-05 19:17:52.023 [7] <INFO> - <System,VisualCaptureApp.MainWindow>[.ctor][IFO_000] Start...
2025-03-05 19:24:45.656 [10] <INFO> - <System,VisualCaptureApp.MainWindow>[.ctor][IFO_000] 
        /***********************************************
                          _ooOoo_
                         o8888888o
                         88" . "88
                         (| -_- |)
                         O\  =  /O
                      ____/`---'\____
                    .'  \\|     |//  `.
                   /  \\|||  :  |||//  \
                  /  _||||| -:- |||||-  \
                  |   | \\\  -  /// |   |
                  | \_|  ''\---/''  |   |
                  \  .-\__  `-`  ___/-. /
                ___`. .'  /--.--\  `. . __
             ."" '<  `.___\_<|>_/___.'  >'"".
            | | :  `- \`.;`\ _ /`;.`/ - ` : | |
            \  \ `-.   \_ __\ /__ _/   .-` /  /
       ======`-.____`-.___\_____/___.-`____.-'======
                          `=---='
       ^^^^^^^^^^^^^^^^^^^^^^^^^^^^^^^^^^^^^^^^^^^^^
                佛祖保佑       永無BUG
       *********************************************/

2025-03-05 19:24:46.972 [5] <INFO> - <System,VisualCaptureApp.MainWindow>[.ctor][IFO_000] 
    /**************************************************************

      [       遵從自然規律，讓萬物自行發揮       ]  <-----------
                            |                                   |
                            |                                   |
      [        遵從自然規律，讓萬物自行相剋      ]              |
                            |                                   |
                            |                                   |
      [          精通萬物一切原理熟知於心        ]              |
                            |                                   |
                            |                                   |
      [          運用萬物一切原理強身健體        ]              |
                            |                                   |
                            |                                   |
      [  緣起緣滅，讓萬物一切自動運轉，自生自滅  ]              |
                            |                                   |
                            |                                   |
      [        時有時無，萬物一切可有可無        ]              |
                            |                                   |
                            |                                   |
      [             天人合一，無欲無求           ]              |
                            |                                   |
                            |                                   |
      [              萬物一切歸為無              ]              |
                            |                                   |
                            |                                   |
      [           心有所想，創建美妙世界         ] --------------

    ^^^^^^^^^^^^^^^^^^^^^^^^^^^^^^^^^^^^^^^^^^^^^^^^^^^^^^^^^^^^^^^
              如何成為長官的秘訣            劉彩萍指揮官
    ***************************************************************/
            
2025-03-05 19:24:47.006 [7] <INFO> - <System,VisualCaptureApp.MainWindow>[.ctor][IFO_000] Start...
2025-03-05 19:30:20.708 [9] <INFO> - <System,VisualCaptureApp.MainWindow>[.ctor][IFO_000] 
        /***********************************************
                          _ooOoo_
                         o8888888o
                         88" . "88
                         (| -_- |)
                         O\  =  /O
                      ____/`---'\____
                    .'  \\|     |//  `.
                   /  \\|||  :  |||//  \
                  /  _||||| -:- |||||-  \
                  |   | \\\  -  /// |   |
                  | \_|  ''\---/''  |   |
                  \  .-\__  `-`  ___/-. /
                ___`. .'  /--.--\  `. . __
             ."" '<  `.___\_<|>_/___.'  >'"".
            | | :  `- \`.;`\ _ /`;.`/ - ` : | |
            \  \ `-.   \_ __\ /__ _/   .-` /  /
       ======`-.____`-.___\_____/___.-`____.-'======
                          `=---='
       ^^^^^^^^^^^^^^^^^^^^^^^^^^^^^^^^^^^^^^^^^^^^^
                佛祖保佑       永無BUG
       *********************************************/

2025-03-05 19:30:22.968 [5] <INFO> - <System,VisualCaptureApp.MainWindow>[.ctor][IFO_000] 
    /**************************************************************

      [       遵從自然規律，讓萬物自行發揮       ]  <-----------
                            |                                   |
                            |                                   |
      [        遵從自然規律，讓萬物自行相剋      ]              |
                            |                                   |
                            |                                   |
      [          精通萬物一切原理熟知於心        ]              |
                            |                                   |
                            |                                   |
      [          運用萬物一切原理強身健體        ]              |
                            |                                   |
                            |                                   |
      [  緣起緣滅，讓萬物一切自動運轉，自生自滅  ]              |
                            |                                   |
                            |                                   |
      [        時有時無，萬物一切可有可無        ]              |
                            |                                   |
                            |                                   |
      [             天人合一，無欲無求           ]              |
                            |                                   |
                            |                                   |
      [              萬物一切歸為無              ]              |
                            |                                   |
                            |                                   |
      [           心有所想，創建美妙世界         ] --------------

    ^^^^^^^^^^^^^^^^^^^^^^^^^^^^^^^^^^^^^^^^^^^^^^^^^^^^^^^^^^^^^^^
              如何成為長官的秘訣            劉彩萍指揮官
    ***************************************************************/
            
2025-03-05 19:30:22.968 [7] <INFO> - <System,VisualCaptureApp.MainWindow>[.ctor][IFO_000] Start...
2025-03-05 19:31:08.472 [15] <INFO> - <System,VisualCaptureApp.MainWindow>[WindowTopMost][IFO_000] Setting:[False]
2025-03-05 19:31:14.238 [5] <INFO> - <System,VisualCaptureApp.MainWindow>[WindowTopMost][IFO_000] Setting:[True]
2025-03-05 19:34:37.405 [5] <INFO> - <System,VisualCaptureApp.MainWindow>[.ctor][IFO_000] 
        /***********************************************
                          _ooOoo_
                         o8888888o
                         88" . "88
                         (| -_- |)
                         O\  =  /O
                      ____/`---'\____
                    .'  \\|     |//  `.
                   /  \\|||  :  |||//  \
                  /  _||||| -:- |||||-  \
                  |   | \\\  -  /// |   |
                  | \_|  ''\---/''  |   |
                  \  .-\__  `-`  ___/-. /
                ___`. .'  /--.--\  `. . __
             ."" '<  `.___\_<|>_/___.'  >'"".
            | | :  `- \`.;`\ _ /`;.`/ - ` : | |
            \  \ `-.   \_ __\ /__ _/   .-` /  /
       ======`-.____`-.___\_____/___.-`____.-'======
                          `=---='
       ^^^^^^^^^^^^^^^^^^^^^^^^^^^^^^^^^^^^^^^^^^^^^
                佛祖保佑       永無BUG
       *********************************************/

2025-03-05 19:35:18.772 [10] <INFO> - <System,VisualCaptureApp.MainWindow>[.ctor][IFO_000] 
        /***********************************************
                          _ooOoo_
                         o8888888o
                         88" . "88
                         (| -_- |)
                         O\  =  /O
                      ____/`---'\____
                    .'  \\|     |//  `.
                   /  \\|||  :  |||//  \
                  /  _||||| -:- |||||-  \
                  |   | \\\  -  /// |   |
                  | \_|  ''\---/''  |   |
                  \  .-\__  `-`  ___/-. /
                ___`. .'  /--.--\  `. . __
             ."" '<  `.___\_<|>_/___.'  >'"".
            | | :  `- \`.;`\ _ /`;.`/ - ` : | |
            \  \ `-.   \_ __\ /__ _/   .-` /  /
       ======`-.____`-.___\_____/___.-`____.-'======
                          `=---='
       ^^^^^^^^^^^^^^^^^^^^^^^^^^^^^^^^^^^^^^^^^^^^^
                佛祖保佑       永無BUG
       *********************************************/

2025-03-05 19:35:20.319 [5] <INFO> - <System,VisualCaptureApp.MainWindow>[.ctor][IFO_000] 
    /**************************************************************

      [       遵從自然規律，讓萬物自行發揮       ]  <-----------
                            |                                   |
                            |                                   |
      [        遵從自然規律，讓萬物自行相剋      ]              |
                            |                                   |
                            |                                   |
      [          精通萬物一切原理熟知於心        ]              |
                            |                                   |
                            |                                   |
      [          運用萬物一切原理強身健體        ]              |
                            |                                   |
                            |                                   |
      [  緣起緣滅，讓萬物一切自動運轉，自生自滅  ]              |
                            |                                   |
                            |                                   |
      [        時有時無，萬物一切可有可無        ]              |
                            |                                   |
                            |                                   |
      [             天人合一，無欲無求           ]              |
                            |                                   |
                            |                                   |
      [              萬物一切歸為無              ]              |
                            |                                   |
                            |                                   |
      [           心有所想，創建美妙世界         ] --------------

    ^^^^^^^^^^^^^^^^^^^^^^^^^^^^^^^^^^^^^^^^^^^^^^^^^^^^^^^^^^^^^^^
              如何成為長官的秘訣            劉彩萍指揮官
    ***************************************************************/
            
2025-03-05 19:35:20.334 [6] <INFO> - <System,VisualCaptureApp.MainWindow>[.ctor][IFO_000] Start...
2025-03-05 19:35:20.334 [5] <INFO> - <System,VisualCaptureApp.MainWindow>[WindowTopMost][IFO_000] Setting:[True]
2025-03-05 19:54:39.308 [10] <INFO> - <System,VisualCaptureApp.MainWindow>[.ctor][IFO_000] 
        /***********************************************
                          _ooOoo_
                         o8888888o
                         88" . "88
                         (| -_- |)
                         O\  =  /O
                      ____/`---'\____
                    .'  \\|     |//  `.
                   /  \\|||  :  |||//  \
                  /  _||||| -:- |||||-  \
                  |   | \\\  -  /// |   |
                  | \_|  ''\---/''  |   |
                  \  .-\__  `-`  ___/-. /
                ___`. .'  /--.--\  `. . __
             ."" '<  `.___\_<|>_/___.'  >'"".
            | | :  `- \`.;`\ _ /`;.`/ - ` : | |
            \  \ `-.   \_ __\ /__ _/   .-` /  /
       ======`-.____`-.___\_____/___.-`____.-'======
                          `=---='
       ^^^^^^^^^^^^^^^^^^^^^^^^^^^^^^^^^^^^^^^^^^^^^
                佛祖保佑       永無BUG
       *********************************************/

2025-03-05 19:54:40.572 [5] <INFO> - <System,VisualCaptureApp.MainWindow>[.ctor][IFO_000] 
    /**************************************************************

      [       遵從自然規律，讓萬物自行發揮       ]  <-----------
                            |                                   |
                            |                                   |
      [        遵從自然規律，讓萬物自行相剋      ]              |
                            |                                   |
                            |                                   |
      [          精通萬物一切原理熟知於心        ]              |
                            |                                   |
                            |                                   |
      [          運用萬物一切原理強身健體        ]              |
                            |                                   |
                            |                                   |
      [  緣起緣滅，讓萬物一切自動運轉，自生自滅  ]              |
                            |                                   |
                            |                                   |
      [        時有時無，萬物一切可有可無        ]              |
                            |                                   |
                            |                                   |
      [             天人合一，無欲無求           ]              |
                            |                                   |
                            |                                   |
      [              萬物一切歸為無              ]              |
                            |                                   |
                            |                                   |
      [           心有所想，創建美妙世界         ] --------------

    ^^^^^^^^^^^^^^^^^^^^^^^^^^^^^^^^^^^^^^^^^^^^^^^^^^^^^^^^^^^^^^^
              如何成為長官的秘訣            劉彩萍指揮官
    ***************************************************************/
            
2025-03-05 19:54:40.576 [5] <INFO> - <System,VisualCaptureApp.MainWindow>[.ctor][IFO_000] Start...
2025-03-05 19:54:40.633 [5] <INFO> - <System,VisualCaptureApp.MainWindow>[WindowTopMost][IFO_000] Setting:[True]
2025-03-05 19:56:55.889 [7] <INFO> - <System,VisualCaptureApp.MainWindow>[.ctor][IFO_000] 
        /***********************************************
                          _ooOoo_
                         o8888888o
                         88" . "88
                         (| -_- |)
                         O\  =  /O
                      ____/`---'\____
                    .'  \\|     |//  `.
                   /  \\|||  :  |||//  \
                  /  _||||| -:- |||||-  \
                  |   | \\\  -  /// |   |
                  | \_|  ''\---/''  |   |
                  \  .-\__  `-`  ___/-. /
                ___`. .'  /--.--\  `. . __
             ."" '<  `.___\_<|>_/___.'  >'"".
            | | :  `- \`.;`\ _ /`;.`/ - ` : | |
            \  \ `-.   \_ __\ /__ _/   .-` /  /
       ======`-.____`-.___\_____/___.-`____.-'======
                          `=---='
       ^^^^^^^^^^^^^^^^^^^^^^^^^^^^^^^^^^^^^^^^^^^^^
                佛祖保佑       永無BUG
       *********************************************/

2025-03-05 19:56:57.141 [5] <INFO> - <System,VisualCaptureApp.MainWindow>[.ctor][IFO_000] 
    /**************************************************************

      [       遵從自然規律，讓萬物自行發揮       ]  <-----------
                            |                                   |
                            |                                   |
      [        遵從自然規律，讓萬物自行相剋      ]              |
                            |                                   |
                            |                                   |
      [          精通萬物一切原理熟知於心        ]              |
                            |                                   |
                            |                                   |
      [          運用萬物一切原理強身健體        ]              |
                            |                                   |
                            |                                   |
      [  緣起緣滅，讓萬物一切自動運轉，自生自滅  ]              |
                            |                                   |
                            |                                   |
      [        時有時無，萬物一切可有可無        ]              |
                            |                                   |
                            |                                   |
      [             天人合一，無欲無求           ]              |
                            |                                   |
                            |                                   |
      [              萬物一切歸為無              ]              |
                            |                                   |
                            |                                   |
      [           心有所想，創建美妙世界         ] --------------

    ^^^^^^^^^^^^^^^^^^^^^^^^^^^^^^^^^^^^^^^^^^^^^^^^^^^^^^^^^^^^^^^
              如何成為長官的秘訣            劉彩萍指揮官
    ***************************************************************/
            
2025-03-05 19:56:57.141 [7] <INFO> - <System,VisualCaptureApp.MainWindow>[.ctor][IFO_000] Start...
2025-03-05 19:56:57.195 [7] <INFO> - <System,VisualCaptureApp.MainWindow>[WindowTopMost][IFO_000] Setting:[True]
2025-03-05 20:34:27.388 [7] <INFO> - <System,VisualCaptureApp.MainWindow>[.ctor][IFO_000] 
        /***********************************************
                          _ooOoo_
                         o8888888o
                         88" . "88
                         (| -_- |)
                         O\  =  /O
                      ____/`---'\____
                    .'  \\|     |//  `.
                   /  \\|||  :  |||//  \
                  /  _||||| -:- |||||-  \
                  |   | \\\  -  /// |   |
                  | \_|  ''\---/''  |   |
                  \  .-\__  `-`  ___/-. /
                ___`. .'  /--.--\  `. . __
             ."" '<  `.___\_<|>_/___.'  >'"".
            | | :  `- \`.;`\ _ /`;.`/ - ` : | |
            \  \ `-.   \_ __\ /__ _/   .-` /  /
       ======`-.____`-.___\_____/___.-`____.-'======
                          `=---='
       ^^^^^^^^^^^^^^^^^^^^^^^^^^^^^^^^^^^^^^^^^^^^^
                佛祖保佑       永無BUG
       *********************************************/

2025-03-05 20:34:29.804 [5] <INFO> - <System,VisualCaptureApp.MainWindow>[.ctor][IFO_000] 
    /**************************************************************

      [       遵從自然規律，讓萬物自行發揮       ]  <-----------
                            |                                   |
                            |                                   |
      [        遵從自然規律，讓萬物自行相剋      ]              |
                            |                                   |
                            |                                   |
      [          精通萬物一切原理熟知於心        ]              |
                            |                                   |
                            |                                   |
      [          運用萬物一切原理強身健體        ]              |
                            |                                   |
                            |                                   |
      [  緣起緣滅，讓萬物一切自動運轉，自生自滅  ]              |
                            |                                   |
                            |                                   |
      [        時有時無，萬物一切可有可無        ]              |
                            |                                   |
                            |                                   |
      [             天人合一，無欲無求           ]              |
                            |                                   |
                            |                                   |
      [              萬物一切歸為無              ]              |
                            |                                   |
                            |                                   |
      [           心有所想，創建美妙世界         ] --------------

    ^^^^^^^^^^^^^^^^^^^^^^^^^^^^^^^^^^^^^^^^^^^^^^^^^^^^^^^^^^^^^^^
              如何成為長官的秘訣            劉彩萍指揮官
    ***************************************************************/
            
2025-03-05 20:34:29.838 [7] <INFO> - <System,VisualCaptureApp.MainWindow>[.ctor][IFO_000] Start...
2025-03-05 20:34:29.844 [5] <INFO> - <System,VisualCaptureApp.MainWindow>[WindowTopMost][IFO_000] Setting:[True]
2025-03-05 20:36:04.312 [11] <INFO> - <System,VisualCaptureApp.MainWindow>[.ctor][IFO_000] 
        /***********************************************
                          _ooOoo_
                         o8888888o
                         88" . "88
                         (| -_- |)
                         O\  =  /O
                      ____/`---'\____
                    .'  \\|     |//  `.
                   /  \\|||  :  |||//  \
                  /  _||||| -:- |||||-  \
                  |   | \\\  -  /// |   |
                  | \_|  ''\---/''  |   |
                  \  .-\__  `-`  ___/-. /
                ___`. .'  /--.--\  `. . __
             ."" '<  `.___\_<|>_/___.'  >'"".
            | | :  `- \`.;`\ _ /`;.`/ - ` : | |
            \  \ `-.   \_ __\ /__ _/   .-` /  /
       ======`-.____`-.___\_____/___.-`____.-'======
                          `=---='
       ^^^^^^^^^^^^^^^^^^^^^^^^^^^^^^^^^^^^^^^^^^^^^
                佛祖保佑       永無BUG
       *********************************************/

2025-03-05 20:36:18.933 [5] <INFO> - <System,VisualCaptureApp.MainWindow>[.ctor][IFO_000] 
    /**************************************************************

      [       遵從自然規律，讓萬物自行發揮       ]  <-----------
                            |                                   |
                            |                                   |
      [        遵從自然規律，讓萬物自行相剋      ]              |
                            |                                   |
                            |                                   |
      [          精通萬物一切原理熟知於心        ]              |
                            |                                   |
                            |                                   |
      [          運用萬物一切原理強身健體        ]              |
                            |                                   |
                            |                                   |
      [  緣起緣滅，讓萬物一切自動運轉，自生自滅  ]              |
                            |                                   |
                            |                                   |
      [        時有時無，萬物一切可有可無        ]              |
                            |                                   |
                            |                                   |
      [             天人合一，無欲無求           ]              |
                            |                                   |
                            |                                   |
      [              萬物一切歸為無              ]              |
                            |                                   |
                            |                                   |
      [           心有所想，創建美妙世界         ] --------------

    ^^^^^^^^^^^^^^^^^^^^^^^^^^^^^^^^^^^^^^^^^^^^^^^^^^^^^^^^^^^^^^^
              如何成為長官的秘訣            劉彩萍指揮官
    ***************************************************************/
            
2025-03-05 20:36:18.933 [11] <INFO> - <System,VisualCaptureApp.MainWindow>[.ctor][IFO_000] Start...
2025-03-05 20:36:18.990 [11] <INFO> - <System,VisualCaptureApp.MainWindow>[WindowTopMost][IFO_000] Setting:[True]
2025-03-05 20:38:26.063 [5] <INFO> - <System,VisualCaptureApp.MainWindow>[.ctor][IFO_000] 
        /***********************************************
                          _ooOoo_
                         o8888888o
                         88" . "88
                         (| -_- |)
                         O\  =  /O
                      ____/`---'\____
                    .'  \\|     |//  `.
                   /  \\|||  :  |||//  \
                  /  _||||| -:- |||||-  \
                  |   | \\\  -  /// |   |
                  | \_|  ''\---/''  |   |
                  \  .-\__  `-`  ___/-. /
                ___`. .'  /--.--\  `. . __
             ."" '<  `.___\_<|>_/___.'  >'"".
            | | :  `- \`.;`\ _ /`;.`/ - ` : | |
            \  \ `-.   \_ __\ /__ _/   .-` /  /
       ======`-.____`-.___\_____/___.-`____.-'======
                          `=---='
       ^^^^^^^^^^^^^^^^^^^^^^^^^^^^^^^^^^^^^^^^^^^^^
                佛祖保佑       永無BUG
       *********************************************/

2025-03-05 20:38:27.321 [5] <INFO> - <System,VisualCaptureApp.MainWindow>[.ctor][IFO_000] 
    /**************************************************************

      [       遵從自然規律，讓萬物自行發揮       ]  <-----------
                            |                                   |
                            |                                   |
      [        遵從自然規律，讓萬物自行相剋      ]              |
                            |                                   |
                            |                                   |
      [          精通萬物一切原理熟知於心        ]              |
                            |                                   |
                            |                                   |
      [          運用萬物一切原理強身健體        ]              |
                            |                                   |
                            |                                   |
      [  緣起緣滅，讓萬物一切自動運轉，自生自滅  ]              |
                            |                                   |
                            |                                   |
      [        時有時無，萬物一切可有可無        ]              |
                            |                                   |
                            |                                   |
      [             天人合一，無欲無求           ]              |
                            |                                   |
                            |                                   |
      [              萬物一切歸為無              ]              |
                            |                                   |
                            |                                   |
      [           心有所想，創建美妙世界         ] --------------

    ^^^^^^^^^^^^^^^^^^^^^^^^^^^^^^^^^^^^^^^^^^^^^^^^^^^^^^^^^^^^^^^
              如何成為長官的秘訣            劉彩萍指揮官
    ***************************************************************/
            
2025-03-05 20:38:27.332 [7] <INFO> - <System,VisualCaptureApp.MainWindow>[.ctor][IFO_000] Start...
2025-03-05 20:38:27.385 [7] <INFO> - <System,VisualCaptureApp.MainWindow>[WindowTopMost][IFO_000] Setting:[True]
2025-03-05 20:39:17.547 [5] <INFO> - <System,VisualCaptureApp.MainWindow>[.ctor][IFO_000] 
        /***********************************************
                          _ooOoo_
                         o8888888o
                         88" . "88
                         (| -_- |)
                         O\  =  /O
                      ____/`---'\____
                    .'  \\|     |//  `.
                   /  \\|||  :  |||//  \
                  /  _||||| -:- |||||-  \
                  |   | \\\  -  /// |   |
                  | \_|  ''\---/''  |   |
                  \  .-\__  `-`  ___/-. /
                ___`. .'  /--.--\  `. . __
             ."" '<  `.___\_<|>_/___.'  >'"".
            | | :  `- \`.;`\ _ /`;.`/ - ` : | |
            \  \ `-.   \_ __\ /__ _/   .-` /  /
       ======`-.____`-.___\_____/___.-`____.-'======
                          `=---='
       ^^^^^^^^^^^^^^^^^^^^^^^^^^^^^^^^^^^^^^^^^^^^^
                佛祖保佑       永無BUG
       *********************************************/

2025-03-05 20:39:18.978 [5] <INFO> - <System,VisualCaptureApp.MainWindow>[.ctor][IFO_000] 
    /**************************************************************

      [       遵從自然規律，讓萬物自行發揮       ]  <-----------
                            |                                   |
                            |                                   |
      [        遵從自然規律，讓萬物自行相剋      ]              |
                            |                                   |
                            |                                   |
      [          精通萬物一切原理熟知於心        ]              |
                            |                                   |
                            |                                   |
      [          運用萬物一切原理強身健體        ]              |
                            |                                   |
                            |                                   |
      [  緣起緣滅，讓萬物一切自動運轉，自生自滅  ]              |
                            |                                   |
                            |                                   |
      [        時有時無，萬物一切可有可無        ]              |
                            |                                   |
                            |                                   |
      [             天人合一，無欲無求           ]              |
                            |                                   |
                            |                                   |
      [              萬物一切歸為無              ]              |
                            |                                   |
                            |                                   |
      [           心有所想，創建美妙世界         ] --------------

    ^^^^^^^^^^^^^^^^^^^^^^^^^^^^^^^^^^^^^^^^^^^^^^^^^^^^^^^^^^^^^^^
              如何成為長官的秘訣            劉彩萍指揮官
    ***************************************************************/
            
2025-03-05 20:39:18.988 [7] <INFO> - <System,VisualCaptureApp.MainWindow>[.ctor][IFO_000] Start...
2025-03-05 20:39:18.988 [5] <INFO> - <System,VisualCaptureApp.MainWindow>[WindowTopMost][IFO_000] Setting:[True]
2025-03-05 20:40:20.112 [7] <INFO> - <System,VisualCaptureApp.MainWindow>[.ctor][IFO_000] 
        /***********************************************
                          _ooOoo_
                         o8888888o
                         88" . "88
                         (| -_- |)
                         O\  =  /O
                      ____/`---'\____
                    .'  \\|     |//  `.
                   /  \\|||  :  |||//  \
                  /  _||||| -:- |||||-  \
                  |   | \\\  -  /// |   |
                  | \_|  ''\---/''  |   |
                  \  .-\__  `-`  ___/-. /
                ___`. .'  /--.--\  `. . __
             ."" '<  `.___\_<|>_/___.'  >'"".
            | | :  `- \`.;`\ _ /`;.`/ - ` : | |
            \  \ `-.   \_ __\ /__ _/   .-` /  /
       ======`-.____`-.___\_____/___.-`____.-'======
                          `=---='
       ^^^^^^^^^^^^^^^^^^^^^^^^^^^^^^^^^^^^^^^^^^^^^
                佛祖保佑       永無BUG
       *********************************************/

2025-03-05 20:40:21.528 [5] <INFO> - <System,VisualCaptureApp.MainWindow>[.ctor][IFO_000] 
    /**************************************************************

      [       遵從自然規律，讓萬物自行發揮       ]  <-----------
                            |                                   |
                            |                                   |
      [        遵從自然規律，讓萬物自行相剋      ]              |
                            |                                   |
                            |                                   |
      [          精通萬物一切原理熟知於心        ]              |
                            |                                   |
                            |                                   |
      [          運用萬物一切原理強身健體        ]              |
                            |                                   |
                            |                                   |
      [  緣起緣滅，讓萬物一切自動運轉，自生自滅  ]              |
                            |                                   |
                            |                                   |
      [        時有時無，萬物一切可有可無        ]              |
                            |                                   |
                            |                                   |
      [             天人合一，無欲無求           ]              |
                            |                                   |
                            |                                   |
      [              萬物一切歸為無              ]              |
                            |                                   |
                            |                                   |
      [           心有所想，創建美妙世界         ] --------------

    ^^^^^^^^^^^^^^^^^^^^^^^^^^^^^^^^^^^^^^^^^^^^^^^^^^^^^^^^^^^^^^^
              如何成為長官的秘訣            劉彩萍指揮官
    ***************************************************************/
            
2025-03-05 20:40:21.554 [7] <INFO> - <System,VisualCaptureApp.MainWindow>[.ctor][IFO_000] Start...
2025-03-05 20:40:21.602 [7] <INFO> - <System,VisualCaptureApp.MainWindow>[WindowTopMost][IFO_000] Setting:[True]
